Depth= 8273354 States=    1e+06 Transitions= 1.02e+06 Memory=   502.743	t=     1.61 R=   6e+05
error: max search depth too small
Depth= 9999999 States=    2e+06 Transitions= 5.14e+06 Memory=   524.618	t=     4.06 R=   5e+05
Depth= 9999999 States=    3e+06 Transitions= 8.48e+06 Memory=   524.618	t=     6.58 R=   5e+05
Depth= 9999999 States=    4e+06 Transitions= 1.17e+07 Memory=   524.618	t=     9.21 R=   4e+05
Depth= 9999999 States=    5e+06 Transitions= 1.55e+07 Memory=   524.618	t=     12.2 R=   4e+05
Depth= 9999999 States=    6e+06 Transitions= 1.95e+07 Memory=   524.618	t=       15 R=   4e+05
Depth= 9999999 States=    7e+06 Transitions= 2.26e+07 Memory=   524.618	t=     17.6 R=   4e+05
Depth= 9999999 States=    8e+06 Transitions= 2.55e+07 Memory=   524.618	t=     20.3 R=   4e+05
Depth= 9999999 States=    9e+06 Transitions= 2.86e+07 Memory=   524.618	t=       23 R=   4e+05
Depth= 9999999 States=    1e+07 Transitions= 3.15e+07 Memory=   524.618	t=     25.6 R=   4e+05
Depth= 9999999 States=  1.1e+07 Transitions= 3.45e+07 Memory=   524.618	t=     28.4 R=   4e+05
Depth= 9999999 States=  1.2e+07 Transitions= 3.76e+07 Memory=   524.618	t=     31.1 R=   4e+05
Depth= 9999999 States=  1.3e+07 Transitions= 4.07e+07 Memory=   524.618	t=     33.9 R=   4e+05
Depth= 9999999 States=  1.4e+07 Transitions= 4.41e+07 Memory=   524.618	t=     36.7 R=   4e+05
Depth= 9999999 States=  1.5e+07 Transitions= 4.71e+07 Memory=   524.618	t=     39.5 R=   4e+05
Depth= 9999999 States=  1.6e+07 Transitions=    5e+07 Memory=   524.618	t=     42.2 R=   4e+05
Depth= 9999999 States=  1.7e+07 Transitions= 5.27e+07 Memory=   524.618	t=     44.8 R=   4e+05
Depth= 9999999 States=  1.8e+07 Transitions= 5.56e+07 Memory=   524.618	t=     47.5 R=   4e+05
Depth= 9999999 States=  1.9e+07 Transitions= 5.86e+07 Memory=   524.618	t=     50.3 R=   4e+05
Depth= 9999999 States=    2e+07 Transitions= 6.22e+07 Memory=   524.618	t=     53.1 R=   4e+05
Depth= 9999999 States=  2.1e+07 Transitions= 6.59e+07 Memory=   524.618	t=       56 R=   4e+05
Depth= 9999999 States=  2.2e+07 Transitions= 7.02e+07 Memory=   524.618	t=     58.6 R=   4e+05
Depth= 9999999 States=  2.3e+07 Transitions= 7.39e+07 Memory=   524.618	t=     61.3 R=   4e+05
Depth= 9999999 States=  2.4e+07 Transitions= 7.75e+07 Memory=   524.618	t=     64.2 R=   4e+05
Depth= 9999999 States=  2.5e+07 Transitions= 8.18e+07 Memory=   524.618	t=     67.4 R=   4e+05
Depth= 9999999 States=  2.6e+07 Transitions=  8.8e+07 Memory=   524.618	t=     71.4 R=   4e+05
Depth= 9999999 States=  2.7e+07 Transitions= 9.25e+07 Memory=   524.618	t=     74.6 R=   4e+05
Depth= 9999999 States=  2.8e+07 Transitions= 9.61e+07 Memory=   524.618	t=     77.4 R=   4e+05
Depth= 9999999 States=  2.9e+07 Transitions= 9.91e+07 Memory=   524.618	t=       80 R=   4e+05
Depth= 9999999 States=    3e+07 Transitions= 1.02e+08 Memory=   524.618	t=     82.6 R=   4e+05
Depth= 9999999 States=  3.1e+07 Transitions= 1.05e+08 Memory=   524.618	t=     85.1 R=   4e+05
Depth= 9999999 States=  3.2e+07 Transitions= 1.08e+08 Memory=   524.618	t=     87.8 R=   4e+05
Depth= 9999999 States=  3.3e+07 Transitions= 1.11e+08 Memory=   524.618	t=     90.5 R=   4e+05
Depth= 9999999 States=  3.4e+07 Transitions= 1.14e+08 Memory=   524.618	t=     93.1 R=   4e+05
Depth= 9999999 States=  3.5e+07 Transitions= 1.17e+08 Memory=   524.618	t=       96 R=   4e+05
Depth= 9999999 States=  3.6e+07 Transitions=  1.2e+08 Memory=   524.618	t=     98.7 R=   4e+05
Depth= 9999999 States=  3.7e+07 Transitions= 1.23e+08 Memory=   524.618	t=      102 R=   4e+05
Depth= 9999999 States=  3.8e+07 Transitions= 1.27e+08 Memory=   524.618	t=      104 R=   4e+05
Depth= 9999999 States=  3.9e+07 Transitions= 1.32e+08 Memory=   524.618	t=      108 R=   4e+05
Depth= 9999999 States=    4e+07 Transitions= 1.36e+08 Memory=   524.618	t=      111 R=   4e+05
Depth= 9999999 States=  4.1e+07 Transitions= 1.39e+08 Memory=   524.618	t=      114 R=   4e+05
Depth= 9999999 States=  4.2e+07 Transitions= 1.43e+08 Memory=   524.618	t=      116 R=   4e+05
Depth= 9999999 States=  4.3e+07 Transitions= 1.47e+08 Memory=   524.618	t=      119 R=   4e+05
Depth= 9999999 States=  4.4e+07 Transitions= 1.51e+08 Memory=   524.618	t=      121 R=   4e+05
Depth= 9999999 States=  4.5e+07 Transitions= 1.55e+08 Memory=   524.618	t=      125 R=   4e+05
Depth= 9999999 States=  4.6e+07 Transitions= 1.58e+08 Memory=   524.618	t=      128 R=   4e+05
Depth= 9999999 States=  4.7e+07 Transitions= 1.61e+08 Memory=   524.618	t=      130 R=   4e+05
Depth= 9999999 States=  4.8e+07 Transitions= 1.64e+08 Memory=   524.618	t=      133 R=   4e+05
Depth= 9999999 States=  4.9e+07 Transitions= 1.68e+08 Memory=   524.618	t=      135 R=   4e+05
Depth= 9999999 States=    5e+07 Transitions= 1.72e+08 Memory=   524.618	t=      139 R=   4e+05
Depth= 9999999 States=  5.1e+07 Transitions= 1.75e+08 Memory=   524.618	t=      142 R=   4e+05
Depth= 9999999 States=  5.2e+07 Transitions=  1.8e+08 Memory=   524.618	t=      145 R=   4e+05
Depth= 9999999 States=  5.3e+07 Transitions= 1.84e+08 Memory=   524.618	t=      148 R=   4e+05
Depth= 9999999 States=  5.4e+07 Transitions= 1.88e+08 Memory=   524.618	t=      151 R=   4e+05
Depth= 9999999 States=  5.5e+07 Transitions= 1.92e+08 Memory=   524.618	t=      154 R=   4e+05
Depth= 9999999 States=  5.6e+07 Transitions= 1.97e+08 Memory=   524.618	t=      158 R=   4e+05
Depth= 9999999 States=  5.7e+07 Transitions=    2e+08 Memory=   524.618	t=      161 R=   4e+05
Depth= 9999999 States=  5.8e+07 Transitions= 2.04e+08 Memory=   524.618	t=      164 R=   4e+05
Depth= 9999999 States=  5.9e+07 Transitions= 2.09e+08 Memory=   524.618	t=      167 R=   4e+05
Depth= 9999999 States=    6e+07 Transitions= 2.13e+08 Memory=   524.618	t=      170 R=   4e+05
Depth= 9999999 States=  6.1e+07 Transitions= 2.17e+08 Memory=   524.618	t=      173 R=   4e+05
Depth= 9999999 States=  6.2e+07 Transitions= 2.21e+08 Memory=   524.618	t=      176 R=   4e+05
Depth= 9999999 States=  6.3e+07 Transitions= 2.25e+08 Memory=   524.618	t=      179 R=   4e+05
Depth= 9999999 States=  6.4e+07 Transitions= 2.29e+08 Memory=   524.618	t=      183 R=   4e+05
Depth= 9999999 States=  6.5e+07 Transitions= 2.33e+08 Memory=   524.618	t=      186 R=   3e+05
Depth= 9999999 States=  6.6e+07 Transitions= 2.37e+08 Memory=   524.618	t=      189 R=   3e+05
Depth= 9999999 States=  6.7e+07 Transitions= 2.41e+08 Memory=   524.618	t=      193 R=   3e+05
Depth= 9999999 States=  6.8e+07 Transitions= 2.46e+08 Memory=   524.618	t=      197 R=   3e+05
Depth= 9999999 States=  6.9e+07 Transitions=  2.5e+08 Memory=   524.618	t=      201 R=   3e+05
Depth= 9999999 States=    7e+07 Transitions= 2.55e+08 Memory=   524.618	t=      205 R=   3e+05
Depth= 9999999 States=  7.1e+07 Transitions=  2.6e+08 Memory=   524.618	t=      209 R=   3e+05
Depth= 9999999 States=  7.2e+07 Transitions= 2.66e+08 Memory=   524.618	t=      214 R=   3e+05
Depth= 9999999 States=  7.3e+07 Transitions= 2.72e+08 Memory=   524.618	t=      218 R=   3e+05
Depth= 9999999 States=  7.4e+07 Transitions= 2.78e+08 Memory=   524.618	t=      224 R=   3e+05

(Spin Version 6.4.3 -- 16 December 2014)
	+ Partial Order Reduction

Bit statespace search for:
	never claim         	- (none specified)
	assertion violations	+
	acceptance   cycles 	- (not selected)
	invalid end states	+

State-vector 64 byte, depth reached 9999999, errors: 0
 74310268 states, stored
2.0642176e+08 states, matched
2.8073203e+08 transitions (= stored+matched)
5.3731597e+08 atomic steps

hash factor: 1.80618 (best if > 100.)

bits set per state: 3 (-k3)

Stats on memory usage (in Megabytes):
 5669.424	equivalent memory usage for states (stored*(State-vector + overhead))
   16.000	memory used for hash array (-w27)
   38.147	memory used for bit stack
  343.323	memory used for DFS stack (-m10000000)
  127.030	other (proc and chan stacks)
  524.618	total actual memory usage


unreached in proctype process
	fischer:92, state 96, "-end-"
	(1 of 96 states)
unreached in proctype time_progress
	fischer:125, state 29, "-end-"
	(1 of 29 states)
unreached in init
	(0 of 14 states)

pan: elapsed time 226 seconds
pan: rate 329424.53 states/second
