Depth= 9217840 States=    1e+06 Transitions= 1.07e+06 Memory=   512.607	t=     1.81 R=   6e+05
error: max search depth too small
Depth= 9999999 States=    2e+06 Transitions= 5.55e+06 Memory=   522.275	t=      4.6 R=   4e+05
Depth= 9999999 States=    3e+06 Transitions= 1.04e+07 Memory=   522.275	t=     7.58 R=   4e+05
Depth= 9999999 States=    4e+06 Transitions= 1.54e+07 Memory=   522.275	t=     10.6 R=   4e+05
Depth= 9999999 States=    5e+06 Transitions= 2.06e+07 Memory=   522.275	t=     13.8 R=   4e+05
Depth= 9999999 States=    6e+06 Transitions= 2.61e+07 Memory=   522.275	t=     17.2 R=   3e+05
Depth= 9999999 States=    7e+06 Transitions= 3.22e+07 Memory=   522.275	t=     20.6 R=   3e+05
Depth= 9999999 States=    8e+06 Transitions= 3.88e+07 Memory=   522.275	t=     24.3 R=   3e+05
Depth= 9999999 States=    9e+06 Transitions= 4.59e+07 Memory=   522.275	t=     28.2 R=   3e+05
Depth= 9999999 States=    1e+07 Transitions= 5.42e+07 Memory=   522.275	t=     32.7 R=   3e+05
Depth= 9999999 States=  1.1e+07 Transitions= 5.92e+07 Memory=   522.275	t=     35.7 R=   3e+05
Depth= 9999999 States=  1.2e+07 Transitions= 6.41e+07 Memory=   522.275	t=     38.8 R=   3e+05
Depth= 9999999 States=  1.3e+07 Transitions= 6.92e+07 Memory=   522.275	t=     41.9 R=   3e+05
Depth= 9999999 States=  1.4e+07 Transitions= 7.45e+07 Memory=   522.275	t=     45.1 R=   3e+05
Depth= 9999999 States=  1.5e+07 Transitions= 7.93e+07 Memory=   522.275	t=     48.2 R=   3e+05
Depth= 9999999 States=  1.6e+07 Transitions= 8.55e+07 Memory=   522.275	t=     51.7 R=   3e+05
Depth= 9999999 States=  1.7e+07 Transitions= 9.17e+07 Memory=   522.275	t=     55.3 R=   3e+05
Depth= 9999999 States=  1.8e+07 Transitions= 9.83e+07 Memory=   522.275	t=       59 R=   3e+05
Depth= 9999999 States=  1.9e+07 Transitions= 1.06e+08 Memory=   522.275	t=     63.3 R=   3e+05
Depth= 9999999 States=    2e+07 Transitions= 1.13e+08 Memory=   522.275	t=     67.4 R=   3e+05
Depth= 9999999 States=  2.1e+07 Transitions= 1.19e+08 Memory=   522.275	t=     70.6 R=   3e+05
Depth= 9999999 States=  2.2e+07 Transitions= 1.24e+08 Memory=   522.275	t=     73.7 R=   3e+05
Depth= 9999999 States=  2.3e+07 Transitions= 1.28e+08 Memory=   522.275	t=     76.7 R=   3e+05
Depth= 9999999 States=  2.4e+07 Transitions= 1.33e+08 Memory=   522.275	t=       80 R=   3e+05
Depth= 9999999 States=  2.5e+07 Transitions= 1.39e+08 Memory=   522.275	t=     83.6 R=   3e+05
Depth= 9999999 States=  2.6e+07 Transitions= 1.45e+08 Memory=   522.275	t=     86.9 R=   3e+05
Depth= 9999999 States=  2.7e+07 Transitions= 1.52e+08 Memory=   522.275	t=     90.6 R=   3e+05
Depth= 9999999 States=  2.8e+07 Transitions= 1.59e+08 Memory=   522.275	t=     94.7 R=   3e+05
Depth= 9999999 States=  2.9e+07 Transitions= 1.65e+08 Memory=   522.275	t=     97.8 R=   3e+05
Depth= 9999999 States=    3e+07 Transitions= 1.72e+08 Memory=   522.275	t=      101 R=   3e+05
Depth= 9999999 States=  3.1e+07 Transitions= 1.77e+08 Memory=   522.275	t=      104 R=   3e+05
Depth= 9999999 States=  3.2e+07 Transitions= 1.84e+08 Memory=   522.275	t=      108 R=   3e+05
Depth= 9999999 States=  3.3e+07 Transitions=  1.9e+08 Memory=   522.275	t=      111 R=   3e+05
Depth= 9999999 States=  3.4e+07 Transitions= 1.96e+08 Memory=   522.275	t=      114 R=   3e+05
Depth= 9999999 States=  3.5e+07 Transitions= 2.02e+08 Memory=   522.275	t=      117 R=   3e+05
Depth= 9999999 States=  3.6e+07 Transitions= 2.08e+08 Memory=   522.275	t=      120 R=   3e+05
Depth= 9999999 States=  3.7e+07 Transitions= 2.14e+08 Memory=   522.275	t=      124 R=   3e+05
Depth= 9999999 States=  3.8e+07 Transitions=  2.2e+08 Memory=   522.275	t=      127 R=   3e+05
Depth= 9999999 States=  3.9e+07 Transitions= 2.26e+08 Memory=   522.275	t=      130 R=   3e+05
Depth= 9999999 States=    4e+07 Transitions= 2.32e+08 Memory=   522.275	t=      133 R=   3e+05
Depth= 9999999 States=  4.1e+07 Transitions= 2.39e+08 Memory=   522.275	t=      137 R=   3e+05
Depth= 9999999 States=  4.2e+07 Transitions= 2.47e+08 Memory=   522.275	t=      141 R=   3e+05
Depth= 9999999 States=  4.3e+07 Transitions= 2.54e+08 Memory=   522.275	t=      144 R=   3e+05
Depth= 9999999 States=  4.4e+07 Transitions= 2.62e+08 Memory=   522.275	t=      148 R=   3e+05
Depth= 9999999 States=  4.5e+07 Transitions= 2.66e+08 Memory=   522.275	t=      151 R=   3e+05
Depth= 9999999 States=  4.6e+07 Transitions=  2.7e+08 Memory=   522.275	t=      154 R=   3e+05
Depth= 9999999 States=  4.7e+07 Transitions= 2.75e+08 Memory=   522.275	t=      157 R=   3e+05
Depth= 9999999 States=  4.8e+07 Transitions= 2.79e+08 Memory=   522.275	t=      160 R=   3e+05
Depth= 9999999 States=  4.9e+07 Transitions= 2.84e+08 Memory=   522.275	t=      163 R=   3e+05
Depth= 9999999 States=    5e+07 Transitions= 2.89e+08 Memory=   522.275	t=      166 R=   3e+05
Depth= 9999999 States=  5.1e+07 Transitions= 2.95e+08 Memory=   522.275	t=      170 R=   3e+05
Depth= 9999999 States=  5.2e+07 Transitions= 2.99e+08 Memory=   522.275	t=      173 R=   3e+05
Depth= 9999999 States=  5.3e+07 Transitions= 3.03e+08 Memory=   522.275	t=      176 R=   3e+05
Depth= 9999999 States=  5.4e+07 Transitions= 3.07e+08 Memory=   522.275	t=      179 R=   3e+05
Depth= 9999999 States=  5.5e+07 Transitions= 3.11e+08 Memory=   522.275	t=      182 R=   3e+05
Depth= 9999999 States=  5.6e+07 Transitions= 3.16e+08 Memory=   522.275	t=      185 R=   3e+05
Depth= 9999999 States=  5.7e+07 Transitions=  3.2e+08 Memory=   522.275	t=      188 R=   3e+05
Depth= 9999999 States=  5.8e+07 Transitions= 3.24e+08 Memory=   522.275	t=      191 R=   3e+05
Depth= 9999999 States=  5.9e+07 Transitions= 3.29e+08 Memory=   522.275	t=      194 R=   3e+05
Depth= 9999999 States=    6e+07 Transitions= 3.33e+08 Memory=   522.275	t=      198 R=   3e+05
Depth= 9999999 States=  6.1e+07 Transitions= 3.38e+08 Memory=   522.275	t=      202 R=   3e+05
Depth= 9999999 States=  6.2e+07 Transitions= 3.42e+08 Memory=   522.275	t=      205 R=   3e+05
Depth= 9999999 States=  6.3e+07 Transitions= 3.47e+08 Memory=   522.275	t=      209 R=   3e+05
Depth= 9999999 States=  6.4e+07 Transitions= 3.52e+08 Memory=   522.275	t=      213 R=   3e+05
Depth= 9999999 States=  6.5e+07 Transitions= 3.56e+08 Memory=   522.275	t=      217 R=   3e+05
Depth= 9999999 States=  6.6e+07 Transitions= 3.61e+08 Memory=   522.275	t=      221 R=   3e+05
Depth= 9999999 States=  6.7e+07 Transitions= 3.67e+08 Memory=   522.275	t=      225 R=   3e+05
Depth= 9999999 States=  6.8e+07 Transitions= 3.73e+08 Memory=   522.275	t=      230 R=   3e+05
Depth= 9999999 States=  6.9e+07 Transitions=  3.8e+08 Memory=   522.275	t=      235 R=   3e+05
Depth= 9999999 States=    7e+07 Transitions= 3.85e+08 Memory=   522.275	t=      239 R=   3e+05
Depth= 9999999 States=  7.1e+07 Transitions=  3.9e+08 Memory=   522.275	t=      244 R=   3e+05
Depth= 9999999 States=  7.2e+07 Transitions= 3.95e+08 Memory=   522.275	t=      249 R=   3e+05
Depth= 9999999 States=  7.3e+07 Transitions= 4.01e+08 Memory=   522.275	t=      254 R=   3e+05
Depth= 9999999 States=  7.4e+07 Transitions= 4.08e+08 Memory=   522.275	t=      261 R=   3e+05
Depth= 9999999 States=  7.5e+07 Transitions= 4.15e+08 Memory=   522.275	t=      268 R=   3e+05

(Spin Version 6.4.3 -- 16 December 2014)
	+ Partial Order Reduction

Bit statespace search for:
	never claim         	- (none specified)
	assertion violations	+
	acceptance   cycles 	- (not selected)
	invalid end states	+

State-vector 72 byte, depth reached 9999999, errors: 0
 75637524 states, stored
3.4401162e+08 states, matched
4.1964914e+08 transitions (= stored+matched)
5.083078e+08 atomic steps

hash factor: 1.77449 (best if > 100.)

bits set per state: 3 (-k3)

Stats on memory usage (in Megabytes):
 6347.754	equivalent memory usage for states (stored*(State-vector + overhead))
   16.000	memory used for hash array (-w27)
   38.147	memory used for bit stack
  343.323	memory used for DFS stack (-m10000000)
  124.683	other (proc and chan stacks)
  522.275	total actual memory usage


unreached in proctype process
	fischer:92, state 96, "-end-"
	(1 of 96 states)
unreached in proctype time_progress
	fischer:125, state 29, "-end-"
	(1 of 29 states)
unreached in init
	(0 of 14 states)

pan: elapsed time 272 seconds
pan: rate 277715.65 states/second
