Depth= 1084123 States=    1e+06 Transitions= 1.08e+07 Memory=  2170.627	t=     54.6 R=   2e+04
Depth= 1084123 States=    2e+06 Transitions= 2.39e+07 Memory=  2170.627	t=      117 R=   2e+04
Depth= 1158389 States=    3e+06 Transitions= 3.68e+07 Memory=  2171.798	t=      179 R=   2e+04
Depth= 1158389 States=    4e+06 Transitions= 5.06e+07 Memory=  2171.798	t=      245 R=   2e+04
Depth= 1158389 States=    5e+06 Transitions= 6.52e+07 Memory=  2171.798	t=      313 R=   2e+04
Depth= 1158389 States=    6e+06 Transitions= 7.92e+07 Memory=  2171.798	t=      379 R=   2e+04
Depth= 1158389 States=    7e+06 Transitions= 9.35e+07 Memory=  2171.798	t=      446 R=   2e+04
error: max search depth too small
Depth= 54999999 States=    8e+06 Transitions= 9.78e+07 Memory=  2713.498	t=      480 R=   2e+04
Depth= 54999999 States=    9e+06 Transitions=    1e+08 Memory=  2713.498	t=      507 R=   2e+04
Depth= 54999999 States=    1e+07 Transitions= 1.02e+08 Memory=  2713.498	t=      535 R=   2e+04
Depth= 54999999 States=  1.1e+07 Transitions= 1.05e+08 Memory=  2713.498	t=      563 R=   2e+04
Depth= 54999999 States=  1.2e+07 Transitions= 1.07e+08 Memory=  2713.498	t=      591 R=   2e+04
Depth= 54999999 States=  1.3e+07 Transitions= 1.09e+08 Memory=  2713.498	t=      619 R=   2e+04
Depth= 54999999 States=  1.4e+07 Transitions= 1.12e+08 Memory=  2713.498	t=      647 R=   2e+04
Depth= 54999999 States=  1.5e+07 Transitions= 1.14e+08 Memory=  2713.498	t=      674 R=   2e+04
Depth= 54999999 States=  1.6e+07 Transitions= 1.16e+08 Memory=  2713.498	t=      700 R=   2e+04
Depth= 54999999 States=  1.7e+07 Transitions= 1.18e+08 Memory=  2713.498	t=      726 R=   2e+04
Depth= 54999999 States=  1.8e+07 Transitions=  1.2e+08 Memory=  2713.498	t=      754 R=   2e+04
Depth= 54999999 States=  1.9e+07 Transitions= 1.23e+08 Memory=  2713.498	t=      781 R=   2e+04
Depth= 54999999 States=    2e+07 Transitions= 1.25e+08 Memory=  2713.498	t=      808 R=   2e+04
Depth= 54999999 States=  2.1e+07 Transitions= 1.28e+08 Memory=  2713.498	t=      835 R=   3e+04
Depth= 54999999 States=  2.2e+07 Transitions=  1.3e+08 Memory=  2713.498	t=      863 R=   3e+04
Depth= 54999999 States=  2.3e+07 Transitions= 1.32e+08 Memory=  2713.498	t=      889 R=   3e+04
Depth= 54999999 States=  2.4e+07 Transitions= 1.34e+08 Memory=  2713.498	t=      916 R=   3e+04
Depth= 54999999 States=  2.5e+07 Transitions= 1.37e+08 Memory=  2713.498	t=      944 R=   3e+04
Depth= 54999999 States=  2.6e+07 Transitions= 1.39e+08 Memory=  2713.498	t=      971 R=   3e+04
Depth= 54999999 States=  2.7e+07 Transitions= 1.41e+08 Memory=  2713.498	t=      999 R=   3e+04
Depth= 54999999 States=  2.8e+07 Transitions= 1.43e+08 Memory=  2713.498	t= 1.03e+03 R=   3e+04
Depth= 54999999 States=  2.9e+07 Transitions= 1.45e+08 Memory=  2713.498	t= 1.05e+03 R=   3e+04
Depth= 54999999 States=    3e+07 Transitions= 1.47e+08 Memory=  2713.498	t= 1.08e+03 R=   3e+04
Depth= 54999999 States=  3.1e+07 Transitions=  1.5e+08 Memory=  2713.498	t= 1.11e+03 R=   3e+04
Depth= 54999999 States=  3.2e+07 Transitions= 1.52e+08 Memory=  2713.498	t= 1.14e+03 R=   3e+04
Depth= 54999999 States=  3.3e+07 Transitions= 1.54e+08 Memory=  2713.498	t= 1.16e+03 R=   3e+04
Depth= 54999999 States=  3.4e+07 Transitions= 1.56e+08 Memory=  2713.498	t= 1.19e+03 R=   3e+04
Depth= 54999999 States=  3.5e+07 Transitions= 1.58e+08 Memory=  2713.498	t= 1.22e+03 R=   3e+04
Depth= 54999999 States=  3.6e+07 Transitions=  1.6e+08 Memory=  2713.498	t= 1.25e+03 R=   3e+04
Depth= 54999999 States=  3.7e+07 Transitions= 1.62e+08 Memory=  2713.498	t= 1.27e+03 R=   3e+04
Depth= 54999999 States=  3.8e+07 Transitions= 1.65e+08 Memory=  2713.498	t=  1.3e+03 R=   3e+04
Depth= 54999999 States=  3.9e+07 Transitions= 1.67e+08 Memory=  2713.498	t= 1.33e+03 R=   3e+04
Depth= 54999999 States=    4e+07 Transitions= 1.69e+08 Memory=  2713.498	t= 1.36e+03 R=   3e+04
Depth= 54999999 States=  4.1e+07 Transitions= 1.72e+08 Memory=  2713.498	t= 1.39e+03 R=   3e+04
Depth= 54999999 States=  4.2e+07 Transitions= 1.74e+08 Memory=  2713.498	t= 1.41e+03 R=   3e+04
Depth= 54999999 States=  4.3e+07 Transitions= 1.76e+08 Memory=  2713.498	t= 1.44e+03 R=   3e+04
Depth= 54999999 States=  4.4e+07 Transitions= 1.78e+08 Memory=  2713.498	t= 1.47e+03 R=   3e+04
Depth= 54999999 States=  4.5e+07 Transitions=  1.8e+08 Memory=  2713.498	t=  1.5e+03 R=   3e+04
Depth= 54999999 States=  4.6e+07 Transitions= 1.82e+08 Memory=  2713.498	t= 1.53e+03 R=   3e+04
Depth= 54999999 States=  4.7e+07 Transitions= 1.85e+08 Memory=  2713.498	t= 1.55e+03 R=   3e+04
Depth= 54999999 States=  4.8e+07 Transitions= 1.87e+08 Memory=  2713.498	t= 1.58e+03 R=   3e+04
Depth= 54999999 States=  4.9e+07 Transitions= 1.89e+08 Memory=  2713.498	t= 1.61e+03 R=   3e+04
Depth= 54999999 States=    5e+07 Transitions= 1.92e+08 Memory=  2713.498	t= 1.64e+03 R=   3e+04
Depth= 54999999 States=  5.1e+07 Transitions= 1.94e+08 Memory=  2713.498	t= 1.67e+03 R=   3e+04
Depth= 54999999 States=  5.2e+07 Transitions= 1.96e+08 Memory=  2713.498	t=  1.7e+03 R=   3e+04
Depth= 54999999 States=  5.3e+07 Transitions= 1.98e+08 Memory=  2713.498	t= 1.73e+03 R=   3e+04
Depth= 54999999 States=  5.4e+07 Transitions=    2e+08 Memory=  2713.498	t= 1.76e+03 R=   3e+04
Depth= 54999999 States=  5.5e+07 Transitions= 2.03e+08 Memory=  2713.498	t= 1.79e+03 R=   3e+04
Depth= 54999999 States=  5.6e+07 Transitions= 2.05e+08 Memory=  2713.498	t= 1.82e+03 R=   3e+04
Depth= 54999999 States=  5.7e+07 Transitions= 2.07e+08 Memory=  2713.498	t= 1.85e+03 R=   3e+04
Depth= 54999999 States=  5.8e+07 Transitions=  2.1e+08 Memory=  2713.498	t= 1.88e+03 R=   3e+04
Depth= 54999999 States=  5.9e+07 Transitions= 2.13e+08 Memory=  2713.498	t= 1.91e+03 R=   3e+04
Depth= 54999999 States=    6e+07 Transitions= 2.15e+08 Memory=  2713.498	t= 1.94e+03 R=   3e+04
Depth= 54999999 States=  6.1e+07 Transitions= 2.18e+08 Memory=  2713.498	t= 1.97e+03 R=   3e+04
Depth= 54999999 States=  6.2e+07 Transitions= 2.21e+08 Memory=  2713.498	t=    2e+03 R=   3e+04
Depth= 54999999 States=  6.3e+07 Transitions= 2.24e+08 Memory=  2713.498	t= 2.04e+03 R=   3e+04
Depth= 54999999 States=  6.4e+07 Transitions= 2.27e+08 Memory=  2713.498	t= 2.07e+03 R=   3e+04
Depth= 54999999 States=  6.5e+07 Transitions=  2.3e+08 Memory=  2713.498	t= 2.11e+03 R=   3e+04
Depth= 54999999 States=  6.6e+07 Transitions= 2.34e+08 Memory=  2713.498	t= 2.14e+03 R=   3e+04
Depth= 54999999 States=  6.7e+07 Transitions= 2.37e+08 Memory=  2713.498	t= 2.18e+03 R=   3e+04
Depth= 54999999 States=  6.8e+07 Transitions=  2.4e+08 Memory=  2713.498	t= 2.22e+03 R=   3e+04
Depth= 54999999 States=  6.9e+07 Transitions= 2.44e+08 Memory=  2713.498	t= 2.26e+03 R=   3e+04
Depth= 54999999 States=    7e+07 Transitions= 2.48e+08 Memory=  2713.498	t=  2.3e+03 R=   3e+04
Depth= 54999999 States=  7.1e+07 Transitions= 2.52e+08 Memory=  2713.498	t= 2.34e+03 R=   3e+04
Depth= 54999999 States=  7.2e+07 Transitions= 2.57e+08 Memory=  2713.498	t= 2.39e+03 R=   3e+04
Depth= 54999999 States=  7.3e+07 Transitions= 2.62e+08 Memory=  2713.498	t= 2.43e+03 R=   3e+04
Depth= 54999999 States=  7.4e+07 Transitions= 2.68e+08 Memory=  2713.498	t= 2.48e+03 R=   3e+04
Depth= 54999999 States=  7.5e+07 Transitions= 2.74e+08 Memory=  2713.498	t= 2.53e+03 R=   3e+04
Depth= 54999999 States=  7.6e+07 Transitions= 2.81e+08 Memory=  2713.498	t= 2.59e+03 R=   3e+04
Depth= 54999999 States=  7.7e+07 Transitions= 2.89e+08 Memory=  2713.498	t= 2.65e+03 R=   3e+04
Depth= 54999999 States=  7.8e+07 Transitions=    3e+08 Memory=  2713.498	t= 2.71e+03 R=   3e+04
Depth= 54999999 States=  7.9e+07 Transitions= 3.13e+08 Memory=  2713.498	t= 2.79e+03 R=   3e+04
Depth= 54999999 States=    8e+07 Transitions= 3.31e+08 Memory=  2713.498	t= 2.88e+03 R=   3e+04
Depth= 54999999 States=  8.1e+07 Transitions= 3.62e+08 Memory=  2713.498	t= 3.02e+03 R=   3e+04

(Spin Version 6.4.3 -- 16 December 2014)
	+ Partial Order Reduction

Bit statespace search for:
	never claim         	- (none specified)
	assertion violations	+
	acceptance   cycles 	- (not selected)
	invalid end states	+

State-vector 924 byte, depth reached 54999999, errors: 0
 81962520 states, stored
4.0575011e+08 states, matched
4.8771263e+08 transitions (= stored+matched)
2.8603118e+09 atomic steps

hash factor: 1.63755 (best if > 100.)

bits set per state: 3 (-k3)

Stats on memory usage (in Megabytes):
73475.617	equivalent memory usage for states (stored*(State-vector + overhead))
   16.000	memory used for hash array (-w27)
  209.808	memory used for bit stack
 1888.275	memory used for DFS stack (-m55000000)
  596.767	other (proc and chan stacks)
    2.648	memory lost to fragmentation
 2713.498	total actual memory usage


unreached in proctype process
	fischer:92, state 96, "-end-"
	(1 of 96 states)
unreached in proctype time_progress
	fischer:125, state 29, "-end-"
	(1 of 29 states)
unreached in init
	(0 of 14 states)

pan: elapsed time 3.58e+03 seconds
pan: rate  22888.76 states/second
