Depth=  950263 States=    1e+06 Transitions= 1.09e+07 Memory=  2160.959	t=       51 R=   2e+04
Depth=  950263 States=    2e+06 Transitions=  2.4e+07 Memory=  2160.959	t=      110 R=   2e+04
Depth= 1015379 States=    3e+06 Transitions= 3.69e+07 Memory=  2161.935	t=      168 R=   2e+04
Depth= 1015379 States=    4e+06 Transitions= 5.07e+07 Memory=  2161.935	t=      230 R=   2e+04
Depth= 1015379 States=    5e+06 Transitions= 6.53e+07 Memory=  2161.935	t=      296 R=   2e+04
Depth= 1015379 States=    6e+06 Transitions= 7.93e+07 Memory=  2161.935	t=      360 R=   2e+04
Depth= 1015379 States=    7e+06 Transitions= 9.36e+07 Memory=  2161.935	t=      425 R=   2e+04
Depth= 1080495 States=    8e+06 Transitions= 1.07e+08 Memory=  2162.912	t=      486 R=   2e+04
Depth= 1080495 States=    9e+06 Transitions= 1.21e+08 Memory=  2162.912	t=      552 R=   2e+04
Depth= 1080495 States=    1e+07 Transitions= 1.36e+08 Memory=  2162.912	t=      620 R=   2e+04
Depth= 1080495 States=  1.1e+07 Transitions=  1.5e+08 Memory=  2162.912	t=      686 R=   2e+04
Depth= 1080495 States=  1.2e+07 Transitions= 1.66e+08 Memory=  2162.912	t=      763 R=   2e+04
Depth= 1080495 States=  1.3e+07 Transitions= 1.83e+08 Memory=  2162.912	t=      842 R=   2e+04
Depth= 1080495 States=  1.4e+07 Transitions= 1.97e+08 Memory=  2162.912	t=      910 R=   2e+04
Depth= 1080495 States=  1.5e+07 Transitions= 2.12e+08 Memory=  2162.912	t=      978 R=   2e+04
Depth= 1080495 States=  1.6e+07 Transitions= 2.28e+08 Memory=  2162.912	t= 1.05e+03 R=   2e+04
Depth= 1080495 States=  1.7e+07 Transitions= 2.43e+08 Memory=  2162.912	t= 1.11e+03 R=   2e+04
Depth= 1080495 States=  1.8e+07 Transitions= 2.57e+08 Memory=  2162.912	t= 1.18e+03 R=   2e+04
Depth= 1080495 States=  1.9e+07 Transitions= 2.72e+08 Memory=  2162.912	t= 1.25e+03 R=   2e+04
Depth= 1080495 States=    2e+07 Transitions= 2.88e+08 Memory=  2162.912	t= 1.32e+03 R=   2e+04
Depth= 1080495 States=  2.1e+07 Transitions= 3.03e+08 Memory=  2162.912	t= 1.39e+03 R=   2e+04
Depth= 4303372 States=  2.2e+07 Transitions= 3.16e+08 Memory=  2198.068	t= 1.45e+03 R=   2e+04
Depth= 4303372 States=  2.3e+07 Transitions=  3.3e+08 Memory=  2198.068	t= 1.51e+03 R=   2e+04
Depth= 4303372 States=  2.4e+07 Transitions= 3.44e+08 Memory=  2198.068	t= 1.58e+03 R=   2e+04
Depth= 4303372 States=  2.5e+07 Transitions= 3.59e+08 Memory=  2198.068	t= 1.64e+03 R=   2e+04
Depth= 4985168 States=  2.6e+07 Transitions= 3.72e+08 Memory=  2205.002	t=  1.7e+03 R=   2e+04
error: max search depth too small
Depth= 54999999 States=  2.7e+07 Transitions= 3.77e+08 Memory=  2643.966	t= 1.74e+03 R=   2e+04
Depth= 54999999 States=  2.8e+07 Transitions= 3.78e+08 Memory=  2643.966	t= 1.76e+03 R=   2e+04
Depth= 54999999 States=  2.9e+07 Transitions=  3.8e+08 Memory=  2643.966	t= 1.79e+03 R=   2e+04
Depth= 54999999 States=    3e+07 Transitions= 3.82e+08 Memory=  2643.966	t= 1.81e+03 R=   2e+04
Depth= 54999999 States=  3.1e+07 Transitions= 3.84e+08 Memory=  2643.966	t= 1.84e+03 R=   2e+04
Depth= 54999999 States=  3.2e+07 Transitions= 3.86e+08 Memory=  2643.966	t= 1.86e+03 R=   2e+04
Depth= 54999999 States=  3.3e+07 Transitions= 3.88e+08 Memory=  2643.966	t= 1.89e+03 R=   2e+04
Depth= 54999999 States=  3.4e+07 Transitions=  3.9e+08 Memory=  2643.966	t= 1.92e+03 R=   2e+04
Depth= 54999999 States=  3.5e+07 Transitions= 3.93e+08 Memory=  2643.966	t= 1.94e+03 R=   2e+04
Depth= 54999999 States=  3.6e+07 Transitions= 3.94e+08 Memory=  2643.966	t= 1.97e+03 R=   2e+04
Depth= 54999999 States=  3.7e+07 Transitions= 3.96e+08 Memory=  2643.966	t= 1.99e+03 R=   2e+04
Depth= 54999999 States=  3.8e+07 Transitions= 3.98e+08 Memory=  2643.966	t= 2.02e+03 R=   2e+04
Depth= 54999999 States=  3.9e+07 Transitions=    4e+08 Memory=  2643.966	t= 2.05e+03 R=   2e+04
Depth= 54999999 States=    4e+07 Transitions= 4.02e+08 Memory=  2643.966	t= 2.08e+03 R=   2e+04
Depth= 54999999 States=  4.1e+07 Transitions= 4.04e+08 Memory=  2643.966	t= 2.11e+03 R=   2e+04
Depth= 54999999 States=  4.2e+07 Transitions= 4.06e+08 Memory=  2643.966	t= 2.14e+03 R=   2e+04
Depth= 54999999 States=  4.3e+07 Transitions= 4.08e+08 Memory=  2643.966	t= 2.16e+03 R=   2e+04
Depth= 54999999 States=  4.4e+07 Transitions=  4.1e+08 Memory=  2643.966	t= 2.19e+03 R=   2e+04
Depth= 54999999 States=  4.5e+07 Transitions= 4.12e+08 Memory=  2643.966	t= 2.22e+03 R=   2e+04
Depth= 54999999 States=  4.6e+07 Transitions= 4.14e+08 Memory=  2643.966	t= 2.25e+03 R=   2e+04
Depth= 54999999 States=  4.7e+07 Transitions= 4.16e+08 Memory=  2643.966	t= 2.27e+03 R=   2e+04
Depth= 54999999 States=  4.8e+07 Transitions= 4.18e+08 Memory=  2643.966	t=  2.3e+03 R=   2e+04
Depth= 54999999 States=  4.9e+07 Transitions=  4.2e+08 Memory=  2643.966	t= 2.33e+03 R=   2e+04
Depth= 54999999 States=    5e+07 Transitions= 4.22e+08 Memory=  2643.966	t= 2.36e+03 R=   2e+04
Depth= 54999999 States=  5.1e+07 Transitions= 4.24e+08 Memory=  2643.966	t= 2.38e+03 R=   2e+04
Depth= 54999999 States=  5.2e+07 Transitions= 4.26e+08 Memory=  2643.966	t= 2.41e+03 R=   2e+04
Depth= 54999999 States=  5.3e+07 Transitions= 4.29e+08 Memory=  2643.966	t= 2.44e+03 R=   2e+04
Depth= 54999999 States=  5.4e+07 Transitions= 4.31e+08 Memory=  2643.966	t= 2.47e+03 R=   2e+04
Depth= 54999999 States=  5.5e+07 Transitions= 4.34e+08 Memory=  2643.966	t=  2.5e+03 R=   2e+04
Depth= 54999999 States=  5.6e+07 Transitions= 4.36e+08 Memory=  2643.966	t= 2.53e+03 R=   2e+04
Depth= 54999999 States=  5.7e+07 Transitions= 4.39e+08 Memory=  2643.966	t= 2.55e+03 R=   2e+04
Depth= 54999999 States=  5.8e+07 Transitions= 4.41e+08 Memory=  2643.966	t= 2.58e+03 R=   2e+04
Depth= 54999999 States=  5.9e+07 Transitions= 4.44e+08 Memory=  2643.966	t= 2.61e+03 R=   2e+04
Depth= 54999999 States=    6e+07 Transitions= 4.46e+08 Memory=  2643.966	t= 2.64e+03 R=   2e+04
Depth= 54999999 States=  6.1e+07 Transitions= 4.49e+08 Memory=  2643.966	t= 2.67e+03 R=   2e+04
Depth= 54999999 States=  6.2e+07 Transitions= 4.52e+08 Memory=  2643.966	t=  2.7e+03 R=   2e+04
Depth= 54999999 States=  6.3e+07 Transitions= 4.54e+08 Memory=  2643.966	t= 2.74e+03 R=   2e+04
Depth= 54999999 States=  6.4e+07 Transitions= 4.57e+08 Memory=  2643.966	t= 2.77e+03 R=   2e+04
Depth= 54999999 States=  6.5e+07 Transitions=  4.6e+08 Memory=  2643.966	t=  2.8e+03 R=   2e+04
Depth= 54999999 States=  6.6e+07 Transitions= 4.63e+08 Memory=  2643.966	t= 2.83e+03 R=   2e+04
Depth= 54999999 States=  6.7e+07 Transitions= 4.67e+08 Memory=  2643.966	t= 2.87e+03 R=   2e+04
Depth= 54999999 States=  6.8e+07 Transitions=  4.7e+08 Memory=  2643.966	t=  2.9e+03 R=   2e+04
Depth= 54999999 States=  6.9e+07 Transitions= 4.74e+08 Memory=  2643.966	t= 2.94e+03 R=   2e+04
Depth= 54999999 States=    7e+07 Transitions= 4.78e+08 Memory=  2643.966	t= 2.98e+03 R=   2e+04
Depth= 54999999 States=  7.1e+07 Transitions= 4.82e+08 Memory=  2643.966	t= 3.02e+03 R=   2e+04
Depth= 54999999 States=  7.2e+07 Transitions= 4.87e+08 Memory=  2643.966	t= 3.05e+03 R=   2e+04
Depth= 54999999 States=  7.3e+07 Transitions= 4.92e+08 Memory=  2643.966	t= 3.09e+03 R=   2e+04
Depth= 54999999 States=  7.4e+07 Transitions= 4.98e+08 Memory=  2643.966	t= 3.14e+03 R=   2e+04
Depth= 54999999 States=  7.5e+07 Transitions= 5.04e+08 Memory=  2643.966	t= 3.18e+03 R=   2e+04
Depth= 54999999 States=  7.6e+07 Transitions= 5.11e+08 Memory=  2643.966	t= 3.23e+03 R=   2e+04
Depth= 54999999 States=  7.7e+07 Transitions=  5.2e+08 Memory=  2643.966	t= 3.29e+03 R=   2e+04
Depth= 54999999 States=  7.8e+07 Transitions=  5.3e+08 Memory=  2643.966	t= 3.36e+03 R=   2e+04
Depth= 54999999 States=  7.9e+07 Transitions= 5.43e+08 Memory=  2643.966	t= 3.44e+03 R=   2e+04
Depth= 54999999 States=    8e+07 Transitions= 5.61e+08 Memory=  2643.966	t= 3.54e+03 R=   2e+04
Depth= 54999999 States=  8.1e+07 Transitions= 5.92e+08 Memory=  2643.966	t=  3.7e+03 R=   2e+04

(Spin Version 6.4.3 -- 16 December 2014)
	+ Partial Order Reduction

Bit statespace search for:
	never claim         	- (none specified)
	assertion violations	+
	acceptance   cycles 	- (not selected)
	invalid end states	+

State-vector 864 byte, depth reached 54999999, errors: 0
 81948859 states, stored
6.300364e+08 states, matched
7.1198526e+08 transitions (= stored+matched)
2.8912307e+09 atomic steps

hash factor: 1.63782 (best if > 100.)

bits set per state: 3 (-k3)

Stats on memory usage (in Megabytes):
68774.219	equivalent memory usage for states (stored*(State-vector + overhead))
   16.000	memory used for hash array (-w27)
  209.808	memory used for bit stack
 1888.275	memory used for DFS stack (-m55000000)
  528.174	other (proc and chan stacks)
    1.709	memory lost to fragmentation
 2643.966	total actual memory usage


unreached in proctype process
	fischer:92, state 96, "-end-"
	(1 of 96 states)
unreached in proctype time_progress
	fischer:125, state 29, "-end-"
	(1 of 29 states)
unreached in init
	(0 of 14 states)

pan: elapsed time 4.29e+03 seconds
pan: rate 19114.618 states/second
