Depth=  825203 States=    1e+06 Transitions= 1.09e+07 Memory=  2152.755	t=     49.4 R=   2e+04
Depth=  825203 States=    2e+06 Transitions= 2.41e+07 Memory=  2152.755	t=      106 R=   2e+04
Depth=  881769 States=    3e+06 Transitions=  3.7e+07 Memory=  2153.634	t=      161 R=   2e+04
Depth=  881769 States=    4e+06 Transitions= 5.08e+07 Memory=  2153.634	t=      220 R=   2e+04
Depth=  881769 States=    5e+06 Transitions= 6.54e+07 Memory=  2153.634	t=      282 R=   2e+04
Depth=  881769 States=    6e+06 Transitions= 7.94e+07 Memory=  2153.634	t=      341 R=   2e+04
Depth=  881769 States=    7e+06 Transitions= 9.37e+07 Memory=  2153.634	t=      402 R=   2e+04
Depth=  995511 States=    8e+06 Transitions= 1.07e+08 Memory=  2155.295	t=      457 R=   2e+04
Depth=  995511 States=    9e+06 Transitions=  1.2e+08 Memory=  2155.295	t=      514 R=   2e+04
Depth=  995511 States=    1e+07 Transitions= 1.35e+08 Memory=  2155.295	t=      578 R=   2e+04
Depth=  995511 States=  1.1e+07 Transitions= 1.49e+08 Memory=  2155.295	t=      638 R=   2e+04
Depth=  995511 States=  1.2e+07 Transitions= 1.64e+08 Memory=  2155.295	t=      700 R=   2e+04
Depth=  995511 States=  1.3e+07 Transitions= 1.79e+08 Memory=  2155.295	t=      764 R=   2e+04
Depth=  995511 States=  1.4e+07 Transitions= 1.94e+08 Memory=  2155.295	t=      830 R=   2e+04
Depth=  995511 States=  1.5e+07 Transitions= 2.12e+08 Memory=  2155.295	t=      902 R=   2e+04
Depth=  995511 States=  1.6e+07 Transitions= 2.28e+08 Memory=  2155.295	t=      970 R=   2e+04
Depth=  995511 States=  1.7e+07 Transitions= 2.43e+08 Memory=  2155.295	t= 1.03e+03 R=   2e+04
Depth=  995511 States=  1.8e+07 Transitions= 2.57e+08 Memory=  2155.295	t= 1.09e+03 R=   2e+04
Depth=  995511 States=  1.9e+07 Transitions= 2.72e+08 Memory=  2155.295	t= 1.16e+03 R=   2e+04
Depth=  995511 States=    2e+07 Transitions= 2.88e+08 Memory=  2155.295	t= 1.22e+03 R=   2e+04
Depth=  995511 States=  2.1e+07 Transitions= 3.03e+08 Memory=  2155.295	t= 1.28e+03 R=   2e+04
Depth=  995511 States=  2.2e+07 Transitions= 3.18e+08 Memory=  2155.295	t= 1.34e+03 R=   2e+04
Depth=  995511 States=  2.3e+07 Transitions= 3.34e+08 Memory=  2155.295	t= 1.41e+03 R=   2e+04
Depth=  995511 States=  2.4e+07 Transitions= 3.51e+08 Memory=  2155.295	t= 1.48e+03 R=   2e+04
Depth=  995511 States=  2.5e+07 Transitions= 3.67e+08 Memory=  2155.295	t= 1.55e+03 R=   2e+04
Depth=  995511 States=  2.6e+07 Transitions= 3.83e+08 Memory=  2155.295	t= 1.62e+03 R=   2e+04
Depth=  995511 States=  2.7e+07 Transitions=    4e+08 Memory=  2155.295	t= 1.69e+03 R=   2e+04
Depth=  995511 States=  2.8e+07 Transitions= 4.19e+08 Memory=  2155.295	t= 1.76e+03 R=   2e+04
Depth=  995511 States=  2.9e+07 Transitions= 4.37e+08 Memory=  2155.295	t= 1.83e+03 R=   2e+04
Depth=  995511 States=    3e+07 Transitions= 4.56e+08 Memory=  2155.295	t= 1.91e+03 R=   2e+04
Depth=  995511 States=  3.1e+07 Transitions= 4.72e+08 Memory=  2155.295	t= 1.97e+03 R=   2e+04
Depth=  995511 States=  3.2e+07 Transitions= 4.89e+08 Memory=  2155.295	t= 2.04e+03 R=   2e+04
Depth=  995511 States=  3.3e+07 Transitions= 5.06e+08 Memory=  2155.295	t= 2.11e+03 R=   2e+04
Depth=  995511 States=  3.4e+07 Transitions= 5.24e+08 Memory=  2155.295	t= 2.18e+03 R=   2e+04
Depth=  995511 States=  3.5e+07 Transitions= 5.38e+08 Memory=  2155.295	t= 2.24e+03 R=   2e+04
Depth=  995511 States=  3.6e+07 Transitions= 5.53e+08 Memory=  2155.295	t= 2.31e+03 R=   2e+04
Depth=  995511 States=  3.7e+07 Transitions= 5.68e+08 Memory=  2155.295	t= 2.37e+03 R=   2e+04
Depth=  995511 States=  3.8e+07 Transitions= 5.84e+08 Memory=  2155.295	t= 2.43e+03 R=   2e+04
Depth=  995511 States=  3.9e+07 Transitions=    6e+08 Memory=  2155.295	t=  2.5e+03 R=   2e+04
Depth=  995511 States=    4e+07 Transitions= 6.17e+08 Memory=  2155.295	t= 2.57e+03 R=   2e+04
Depth=  995511 States=  4.1e+07 Transitions= 6.35e+08 Memory=  2155.295	t= 2.64e+03 R=   2e+04
Depth=  995511 States=  4.2e+07 Transitions= 6.51e+08 Memory=  2155.295	t= 2.71e+03 R=   2e+04
Depth=  995511 States=  4.3e+07 Transitions= 6.66e+08 Memory=  2155.295	t= 2.77e+03 R=   2e+04
Depth=  995511 States=  4.4e+07 Transitions= 6.83e+08 Memory=  2155.295	t= 2.84e+03 R=   2e+04
Depth=  995511 States=  4.5e+07 Transitions= 6.99e+08 Memory=  2155.295	t=  2.9e+03 R=   2e+04
Depth=  995511 States=  4.6e+07 Transitions= 7.14e+08 Memory=  2155.295	t= 2.97e+03 R=   2e+04
Depth=  995511 States=  4.7e+07 Transitions= 7.31e+08 Memory=  2155.295	t= 3.03e+03 R=   2e+04
Depth=  995511 States=  4.8e+07 Transitions= 7.47e+08 Memory=  2155.295	t=  3.1e+03 R=   2e+04
Depth=  995511 States=  4.9e+07 Transitions= 7.65e+08 Memory=  2155.295	t= 3.17e+03 R=   2e+04
Depth=  995511 States=    5e+07 Transitions= 7.83e+08 Memory=  2155.295	t= 3.24e+03 R=   2e+04
Depth=  995511 States=  5.1e+07 Transitions= 8.01e+08 Memory=  2155.295	t= 3.32e+03 R=   2e+04
Depth=  995511 States=  5.2e+07 Transitions= 8.19e+08 Memory=  2155.295	t= 3.39e+03 R=   2e+04
Depth=  995511 States=  5.3e+07 Transitions= 8.37e+08 Memory=  2155.295	t= 3.46e+03 R=   2e+04
Depth=  995511 States=  5.4e+07 Transitions= 8.57e+08 Memory=  2155.295	t= 3.54e+03 R=   2e+04
Depth=  995511 States=  5.5e+07 Transitions= 8.76e+08 Memory=  2155.295	t= 3.62e+03 R=   2e+04
Depth=  995511 States=  5.6e+07 Transitions= 8.96e+08 Memory=  2155.295	t= 3.69e+03 R=   2e+04
Depth=  995511 States=  5.7e+07 Transitions= 9.13e+08 Memory=  2155.295	t= 3.77e+03 R=   2e+04
Depth=  995511 States=  5.8e+07 Transitions= 9.31e+08 Memory=  2155.295	t= 3.85e+03 R=   2e+04
Depth=  995511 States=  5.9e+07 Transitions= 9.48e+08 Memory=  2155.295	t= 3.93e+03 R=   2e+04
Depth=  995511 States=    6e+07 Transitions= 9.67e+08 Memory=  2155.295	t= 4.01e+03 R=   1e+04
Depth=  995511 States=  6.1e+07 Transitions= 9.86e+08 Memory=  2155.295	t=  4.1e+03 R=   1e+04
Depth=  995511 States=  6.2e+07 Transitions=    1e+09 Memory=  2155.295	t= 4.18e+03 R=   1e+04
Depth=  995511 States=  6.3e+07 Transitions= 1.02e+09 Memory=  2155.295	t= 4.27e+03 R=   1e+04
Depth=  995511 States=  6.4e+07 Transitions= 1.04e+09 Memory=  2155.295	t= 4.35e+03 R=   1e+04
Depth=  995511 States=  6.5e+07 Transitions= 1.06e+09 Memory=  2155.295	t= 4.44e+03 R=   1e+04
Depth=  995511 States=  6.6e+07 Transitions= 1.08e+09 Memory=  2155.295	t= 4.52e+03 R=   1e+04
Depth=  995511 States=  6.7e+07 Transitions= 1.09e+09 Memory=  2155.295	t=  4.6e+03 R=   1e+04
Depth=  995511 States=  6.8e+07 Transitions= 1.11e+09 Memory=  2155.295	t= 4.67e+03 R=   1e+04
Depth=  995511 States=  6.9e+07 Transitions= 1.12e+09 Memory=  2155.295	t= 4.75e+03 R=   1e+04
Depth=  995511 States=    7e+07 Transitions= 1.14e+09 Memory=  2155.295	t= 4.83e+03 R=   1e+04
Depth=  995511 States=  7.1e+07 Transitions= 1.16e+09 Memory=  2155.295	t= 4.91e+03 R=   1e+04
Depth=  995511 States=  7.2e+07 Transitions= 1.18e+09 Memory=  2155.295	t= 4.99e+03 R=   1e+04
Depth=  995511 States=  7.3e+07 Transitions= 1.19e+09 Memory=  2155.295	t= 5.07e+03 R=   1e+04
Depth=  995511 States=  7.4e+07 Transitions= 1.21e+09 Memory=  2155.295	t= 5.15e+03 R=   1e+04
Depth=  995511 States=  7.5e+07 Transitions= 1.23e+09 Memory=  2155.295	t= 5.24e+03 R=   1e+04
Depth=  995511 States=  7.6e+07 Transitions= 1.25e+09 Memory=  2155.295	t= 5.32e+03 R=   1e+04
Depth=  995511 States=  7.7e+07 Transitions= 1.26e+09 Memory=  2155.295	t=  5.4e+03 R=   1e+04
Depth=  995511 States=  7.8e+07 Transitions= 1.28e+09 Memory=  2155.295	t=  5.5e+03 R=   1e+04
Depth=  995511 States=  7.9e+07 Transitions= 1.31e+09 Memory=  2155.295	t=  5.6e+03 R=   1e+04
Depth=  995511 States=    8e+07 Transitions= 1.34e+09 Memory=  2155.295	t= 5.74e+03 R=   1e+04
Depth=  995511 States=  8.1e+07 Transitions= 1.38e+09 Memory=  2155.295	t= 5.94e+03 R=   1e+04

(Spin Version 6.4.3 -- 16 December 2014)
	+ Partial Order Reduction

Bit statespace search for:
	never claim         	- (none specified)
	assertion violations	+
	acceptance   cycles 	- (not selected)
	invalid end states	+

State-vector 804 byte, depth reached 995511, errors: 0
 81933074 states, stored
1.4247283e+09 states, matched
1.5066614e+09 transitions (= stored+matched)
1.0589179e+09 atomic steps

hash factor: 1.63814 (best if > 100.)

bits set per state: 3 (-k3)

Stats on memory usage (in Megabytes):
64072.724	equivalent memory usage for states (stored*(State-vector + overhead))
   16.000	memory used for hash array (-w27)
  209.808	memory used for bit stack
 1888.275	memory used for DFS stack (-m55000000)
   40.865	other (proc and chan stacks)
 2155.295	total actual memory usage


unreached in proctype process
	fischer:92, state 96, "-end-"
	(1 of 96 states)
unreached in proctype time_progress
	fischer:125, state 29, "-end-"
	(1 of 29 states)
unreached in init
	(0 of 14 states)

pan: elapsed time 6.37e+03 seconds
pan: rate 12853.003 states/second
