Depth=   25747 States=    1e+06 Transitions= 1.15e+07 Memory=  2114.670	t=     10.2 R=   1e+05
Depth=   25747 States=    2e+06 Transitions= 2.46e+07 Memory=  2114.670	t=     22.2 R=   9e+04
Depth=   27545 States=    3e+06 Transitions= 3.76e+07 Memory=  2114.670	t=     33.9 R=   9e+04
Depth=   27545 States=    4e+06 Transitions= 5.15e+07 Memory=  2114.670	t=     45.7 R=   9e+04
Depth=   27545 States=    5e+06 Transitions=  6.6e+07 Memory=  2114.670	t=     57.9 R=   9e+04
Depth=   27545 States=    6e+06 Transitions= 7.99e+07 Memory=  2114.670	t=     69.6 R=   9e+04
Depth=   27545 States=    7e+06 Transitions= 9.44e+07 Memory=  2114.670	t=     81.8 R=   9e+04
Depth=   27549 States=    8e+06 Transitions= 1.07e+08 Memory=  2114.670	t=     92.8 R=   9e+04
Depth=   27549 States=    9e+06 Transitions= 1.21e+08 Memory=  2114.670	t=      104 R=   9e+04
Depth=   27549 States=    1e+07 Transitions= 1.36e+08 Memory=  2114.670	t=      117 R=   9e+04
Depth=   27549 States=  1.1e+07 Transitions=  1.5e+08 Memory=  2114.670	t=      129 R=   9e+04
Depth=   27549 States=  1.2e+07 Transitions= 1.64e+08 Memory=  2114.670	t=      142 R=   8e+04
Depth=   27549 States=  1.3e+07 Transitions= 1.79e+08 Memory=  2114.670	t=      154 R=   8e+04
Depth=   27549 States=  1.4e+07 Transitions= 1.95e+08 Memory=  2114.670	t=      167 R=   8e+04
Depth=   27549 States=  1.5e+07 Transitions= 2.12e+08 Memory=  2114.670	t=      182 R=   8e+04
Depth=   27549 States=  1.6e+07 Transitions= 2.28e+08 Memory=  2114.670	t=      195 R=   8e+04
Depth=   27549 States=  1.7e+07 Transitions= 2.43e+08 Memory=  2114.670	t=      208 R=   8e+04
Depth=   27549 States=  1.8e+07 Transitions= 2.58e+08 Memory=  2114.670	t=      220 R=   8e+04
Depth=   27549 States=  1.9e+07 Transitions= 2.73e+08 Memory=  2114.670	t=      234 R=   8e+04
Depth=   27549 States=    2e+07 Transitions= 2.89e+08 Memory=  2114.670	t=      248 R=   8e+04
Depth=   27549 States=  2.1e+07 Transitions= 3.04e+08 Memory=  2114.670	t=      261 R=   8e+04
Depth= 14248648 States=  2.2e+07 Transitions= 3.08e+08 Memory=  2263.693	t=      267 R=   8e+04
Depth= 31727990 States=  2.3e+07 Transitions= 3.09e+08 Memory=  2446.798	t=      271 R=   8e+04
Depth= 49187011 States=  2.4e+07 Transitions=  3.1e+08 Memory=  2629.611	t=      275 R=   9e+04
error: max search depth too small
Depth= 54999999 States=  2.5e+07 Transitions= 3.13e+08 Memory=  2690.646	t=      280 R=   9e+04
Depth= 54999999 States=  2.6e+07 Transitions= 3.16e+08 Memory=  2690.646	t=      284 R=   9e+04
Depth= 54999999 States=  2.7e+07 Transitions=  3.2e+08 Memory=  2690.646	t=      290 R=   9e+04
Depth= 54999999 States=  2.8e+07 Transitions= 3.23e+08 Memory=  2690.646	t=      295 R=   9e+04
Depth= 54999999 States=  2.9e+07 Transitions= 3.26e+08 Memory=  2690.646	t=      300 R=   1e+05
Depth= 54999999 States=    3e+07 Transitions=  3.3e+08 Memory=  2690.646	t=      304 R=   1e+05
Depth= 54999999 States=  3.1e+07 Transitions= 3.33e+08 Memory=  2690.646	t=      309 R=   1e+05
Depth= 54999999 States=  3.2e+07 Transitions= 3.37e+08 Memory=  2690.646	t=      315 R=   1e+05
Depth= 54999999 States=  3.3e+07 Transitions=  3.4e+08 Memory=  2690.646	t=      319 R=   1e+05
Depth= 54999999 States=  3.4e+07 Transitions= 3.43e+08 Memory=  2690.646	t=      324 R=   1e+05
Depth= 54999999 States=  3.5e+07 Transitions= 3.46e+08 Memory=  2690.646	t=      329 R=   1e+05
Depth= 54999999 States=  3.6e+07 Transitions= 3.49e+08 Memory=  2690.646	t=      334 R=   1e+05
Depth= 54999999 States=  3.7e+07 Transitions= 3.53e+08 Memory=  2690.646	t=      339 R=   1e+05
Depth= 54999999 States=  3.8e+07 Transitions= 3.56e+08 Memory=  2690.646	t=      344 R=   1e+05
Depth= 54999999 States=  3.9e+07 Transitions= 3.59e+08 Memory=  2690.646	t=      348 R=   1e+05
Depth= 54999999 States=    4e+07 Transitions= 3.62e+08 Memory=  2690.646	t=      353 R=   1e+05
Depth= 54999999 States=  4.1e+07 Transitions= 3.65e+08 Memory=  2690.646	t=      357 R=   1e+05
Depth= 54999999 States=  4.2e+07 Transitions= 3.69e+08 Memory=  2690.646	t=      363 R=   1e+05
Depth= 54999999 States=  4.3e+07 Transitions= 3.72e+08 Memory=  2690.646	t=      368 R=   1e+05
Depth= 54999999 States=  4.4e+07 Transitions= 3.75e+08 Memory=  2690.646	t=      373 R=   1e+05
Depth= 54999999 States=  4.5e+07 Transitions= 3.78e+08 Memory=  2690.646	t=      377 R=   1e+05
Depth= 54999999 States=  4.6e+07 Transitions= 3.81e+08 Memory=  2690.646	t=      382 R=   1e+05
Depth= 54999999 States=  4.7e+07 Transitions= 3.85e+08 Memory=  2690.646	t=      387 R=   1e+05
Depth= 54999999 States=  4.8e+07 Transitions=  3.9e+08 Memory=  2690.646	t=      393 R=   1e+05
Depth= 54999999 States=  4.9e+07 Transitions= 3.92e+08 Memory=  2690.646	t=      398 R=   1e+05
Depth= 54999999 States=    5e+07 Transitions= 3.96e+08 Memory=  2690.646	t=      403 R=   1e+05
Depth= 54999999 States=  5.1e+07 Transitions= 3.98e+08 Memory=  2690.646	t=      407 R=   1e+05
Depth= 54999999 States=  5.2e+07 Transitions= 4.02e+08 Memory=  2690.646	t=      412 R=   1e+05
Depth= 54999999 States=  5.3e+07 Transitions= 4.05e+08 Memory=  2690.646	t=      417 R=   1e+05
Depth= 54999999 States=  5.4e+07 Transitions= 4.09e+08 Memory=  2690.646	t=      422 R=   1e+05
Depth= 54999999 States=  5.5e+07 Transitions= 4.14e+08 Memory=  2690.646	t=      427 R=   1e+05
Depth= 54999999 States=  5.6e+07 Transitions= 4.17e+08 Memory=  2690.646	t=      432 R=   1e+05
Depth= 54999999 States=  5.7e+07 Transitions= 4.21e+08 Memory=  2690.646	t=      436 R=   1e+05
Depth= 54999999 States=  5.8e+07 Transitions= 4.24e+08 Memory=  2690.646	t=      441 R=   1e+05
Depth= 54999999 States=  5.9e+07 Transitions= 4.27e+08 Memory=  2690.646	t=      446 R=   1e+05
Depth= 54999999 States=    6e+07 Transitions= 4.31e+08 Memory=  2690.646	t=      451 R=   1e+05
Depth= 54999999 States=  6.1e+07 Transitions= 4.34e+08 Memory=  2690.646	t=      456 R=   1e+05
Depth= 54999999 States=  6.2e+07 Transitions= 4.38e+08 Memory=  2690.646	t=      461 R=   1e+05
Depth= 54999999 States=  6.3e+07 Transitions= 4.42e+08 Memory=  2690.646	t=      466 R=   1e+05
Depth= 54999999 States=  6.4e+07 Transitions= 4.47e+08 Memory=  2690.646	t=      471 R=   1e+05
Depth= 54999999 States=  6.5e+07 Transitions= 4.51e+08 Memory=  2690.646	t=      477 R=   1e+05
Depth= 54999999 States=  6.6e+07 Transitions= 4.55e+08 Memory=  2690.646	t=      482 R=   1e+05
Depth= 54999999 States=  6.7e+07 Transitions= 4.59e+08 Memory=  2690.646	t=      489 R=   1e+05
Depth= 54999999 States=  6.8e+07 Transitions= 4.63e+08 Memory=  2690.646	t=      495 R=   1e+05
Depth= 54999999 States=  6.9e+07 Transitions= 4.67e+08 Memory=  2690.646	t=      501 R=   1e+05
Depth= 54999999 States=    7e+07 Transitions= 4.72e+08 Memory=  2690.646	t=      508 R=   1e+05
Depth= 54999999 States=  7.1e+07 Transitions= 4.76e+08 Memory=  2690.646	t=      515 R=   1e+05
Depth= 54999999 States=  7.2e+07 Transitions= 4.81e+08 Memory=  2690.646	t=      522 R=   1e+05
Depth= 54999999 States=  7.3e+07 Transitions= 4.87e+08 Memory=  2690.646	t=      530 R=   1e+05
Depth= 54999999 States=  7.4e+07 Transitions= 4.92e+08 Memory=  2690.646	t=      538 R=   1e+05
Depth= 54999999 States=  7.5e+07 Transitions= 4.99e+08 Memory=  2690.646	t=      547 R=   1e+05
Depth= 54999999 States=  7.6e+07 Transitions= 5.07e+08 Memory=  2690.646	t=      556 R=   1e+05
Depth= 54999999 States=  7.7e+07 Transitions= 5.16e+08 Memory=  2690.646	t=      567 R=   1e+05
Depth= 54999999 States=  7.8e+07 Transitions= 5.26e+08 Memory=  2690.646	t=      579 R=   1e+05
Depth= 54999999 States=  7.9e+07 Transitions=  5.4e+08 Memory=  2690.646	t=      594 R=   1e+05
Depth= 54999999 States=    8e+07 Transitions= 5.59e+08 Memory=  2690.646	t=      617 R=   1e+05

(Spin Version 6.4.3 -- 16 December 2014)
	+ Partial Order Reduction

Bit statespace search for:
	never claim         	- (none specified)
	assertion violations	+
	acceptance   cycles 	- (not selected)
	invalid end states	+

State-vector 132 byte, depth reached 54999999, errors: 0
 80909511 states, stored
5.066914e+08 states, matched
5.8760091e+08 transitions (= stored+matched)
8.0807426e+08 atomic steps

hash factor: 1.65886 (best if > 100.)

bits set per state: 3 (-k3)

Stats on memory usage (in Megabytes):
11419.876	equivalent memory usage for states (stored*(State-vector + overhead))
   16.000	memory used for hash array (-w27)
  209.808	memory used for bit stack
 1888.275	memory used for DFS stack (-m55000000)
  576.191	other (proc and chan stacks)
 2690.646	total actual memory usage


unreached in proctype process
	fischer:92, state 96, "-end-"
	(1 of 96 states)
unreached in proctype time_progress
	fischer:125, state 29, "-end-"
	(1 of 29 states)
unreached in init
	(0 of 14 states)

pan: elapsed time 775 seconds
pan: rate 104363.41 states/second
