Depth=   14746 States=    1e+06 Transitions= 1.14e+07 Memory=  2114.474	t=     8.45 R=   1e+05
Depth=   14746 States=    2e+06 Transitions= 2.46e+07 Memory=  2114.474	t=     17.7 R=   1e+05
Depth= 8230011 States=    3e+06 Transitions= 3.05e+07 Memory=  2206.759	t=     22.8 R=   1e+05
Depth= 19188870 States=    4e+06 Transitions= 3.33e+07 Memory=  2330.685	t=     26.3 R=   2e+05
Depth= 32017581 States=    5e+06 Transitions= 3.45e+07 Memory=  2475.998	t=       29 R=   2e+05
Depth= 44501827 States=    6e+06 Transitions=  3.6e+07 Memory=  2617.013	t=     32.1 R=   2e+05
error: max search depth too small
Depth= 54999999 States=    7e+06 Transitions= 3.75e+07 Memory=  2735.763	t=     34.9 R=   2e+05
Depth= 54999999 States=    8e+06 Transitions= 4.08e+07 Memory=  2735.763	t=     38.6 R=   2e+05
Depth= 54999999 States=    9e+06 Transitions= 4.38e+07 Memory=  2735.763	t=       42 R=   2e+05
Depth= 54999999 States=    1e+07 Transitions=  4.7e+07 Memory=  2735.763	t=     45.6 R=   2e+05
Depth= 54999999 States=  1.1e+07 Transitions= 5.01e+07 Memory=  2735.763	t=       49 R=   2e+05
Depth= 54999999 States=  1.2e+07 Transitions= 5.35e+07 Memory=  2735.763	t=     52.6 R=   2e+05
Depth= 54999999 States=  1.3e+07 Transitions= 5.63e+07 Memory=  2735.763	t=     55.9 R=   2e+05
Depth= 54999999 States=  1.4e+07 Transitions= 5.99e+07 Memory=  2735.763	t=     59.5 R=   2e+05
Depth= 54999999 States=  1.5e+07 Transitions= 6.26e+07 Memory=  2735.763	t=     62.8 R=   2e+05
Depth= 54999999 States=  1.6e+07 Transitions= 6.75e+07 Memory=  2735.763	t=     66.6 R=   2e+05
Depth= 54999999 States=  1.7e+07 Transitions= 7.36e+07 Memory=  2735.763	t=     70.6 R=   2e+05
Depth= 54999999 States=  1.8e+07 Transitions= 7.76e+07 Memory=  2735.763	t=     74.6 R=   2e+05
Depth= 54999999 States=  1.9e+07 Transitions= 8.03e+07 Memory=  2735.763	t=     78.2 R=   2e+05
Depth= 54999999 States=    2e+07 Transitions= 8.29e+07 Memory=  2735.763	t=     81.5 R=   2e+05
Depth= 54999999 States=  2.1e+07 Transitions= 8.59e+07 Memory=  2735.763	t=     85.1 R=   2e+05
Depth= 54999999 States=  2.2e+07 Transitions= 8.91e+07 Memory=  2735.763	t=     88.6 R=   2e+05
Depth= 54999999 States=  2.3e+07 Transitions= 9.22e+07 Memory=  2735.763	t=     92.3 R=   2e+05
Depth= 54999999 States=  2.4e+07 Transitions= 9.57e+07 Memory=  2735.763	t=     96.2 R=   2e+05
Depth= 54999999 States=  2.5e+07 Transitions=  9.9e+07 Memory=  2735.763	t=     99.5 R=   3e+05
Depth= 54999999 States=  2.6e+07 Transitions= 1.02e+08 Memory=  2735.763	t=      103 R=   3e+05
Depth= 54999999 States=  2.7e+07 Transitions= 1.05e+08 Memory=  2735.763	t=      106 R=   3e+05
Depth= 54999999 States=  2.8e+07 Transitions= 1.08e+08 Memory=  2735.763	t=      110 R=   3e+05
Depth= 54999999 States=  2.9e+07 Transitions= 1.12e+08 Memory=  2735.763	t=      115 R=   3e+05
Depth= 54999999 States=    3e+07 Transitions= 1.16e+08 Memory=  2735.763	t=      120 R=   3e+05
Depth= 54999999 States=  3.1e+07 Transitions= 1.19e+08 Memory=  2735.763	t=      125 R=   2e+05
Depth= 54999999 States=  3.2e+07 Transitions= 1.23e+08 Memory=  2735.763	t=      130 R=   2e+05
Depth= 54999999 States=  3.3e+07 Transitions= 1.26e+08 Memory=  2735.763	t=      134 R=   2e+05
Depth= 54999999 States=  3.4e+07 Transitions= 1.29e+08 Memory=  2735.763	t=      138 R=   2e+05
Depth= 54999999 States=  3.5e+07 Transitions= 1.32e+08 Memory=  2735.763	t=      141 R=   2e+05
Depth= 54999999 States=  3.6e+07 Transitions= 1.35e+08 Memory=  2735.763	t=      145 R=   2e+05
Depth= 54999999 States=  3.7e+07 Transitions= 1.38e+08 Memory=  2735.763	t=      149 R=   2e+05
Depth= 54999999 States=  3.8e+07 Transitions= 1.41e+08 Memory=  2735.763	t=      152 R=   2e+05
Depth= 54999999 States=  3.9e+07 Transitions= 1.43e+08 Memory=  2735.763	t=      156 R=   2e+05
Depth= 54999999 States=    4e+07 Transitions= 1.46e+08 Memory=  2735.763	t=      160 R=   2e+05
Depth= 54999999 States=  4.1e+07 Transitions= 1.49e+08 Memory=  2735.763	t=      164 R=   2e+05
Depth= 54999999 States=  4.2e+07 Transitions= 1.52e+08 Memory=  2735.763	t=      168 R=   2e+05
Depth= 54999999 States=  4.3e+07 Transitions= 1.55e+08 Memory=  2735.763	t=      172 R=   2e+05
Depth= 54999999 States=  4.4e+07 Transitions= 1.58e+08 Memory=  2735.763	t=      177 R=   2e+05
Depth= 54999999 States=  4.5e+07 Transitions= 1.61e+08 Memory=  2735.763	t=      180 R=   2e+05
Depth= 54999999 States=  4.6e+07 Transitions= 1.64e+08 Memory=  2735.763	t=      184 R=   3e+05
Depth= 54999999 States=  4.7e+07 Transitions= 1.67e+08 Memory=  2735.763	t=      188 R=   3e+05
Depth= 54999999 States=  4.8e+07 Transitions= 1.71e+08 Memory=  2735.763	t=      192 R=   3e+05
Depth= 54999999 States=  4.9e+07 Transitions= 1.74e+08 Memory=  2735.763	t=      196 R=   3e+05
Depth= 54999999 States=    5e+07 Transitions= 1.77e+08 Memory=  2735.763	t=      200 R=   2e+05
Depth= 54999999 States=  5.1e+07 Transitions= 1.81e+08 Memory=  2735.763	t=      205 R=   2e+05
Depth= 54999999 States=  5.2e+07 Transitions= 1.84e+08 Memory=  2735.763	t=      209 R=   2e+05
Depth= 54999999 States=  5.3e+07 Transitions= 1.87e+08 Memory=  2735.763	t=      214 R=   2e+05
Depth= 54999999 States=  5.4e+07 Transitions= 1.91e+08 Memory=  2735.763	t=      218 R=   2e+05
Depth= 54999999 States=  5.5e+07 Transitions= 1.94e+08 Memory=  2735.763	t=      222 R=   2e+05
Depth= 54999999 States=  5.6e+07 Transitions= 1.98e+08 Memory=  2735.763	t=      226 R=   2e+05
Depth= 54999999 States=  5.7e+07 Transitions= 2.02e+08 Memory=  2735.763	t=      230 R=   2e+05
Depth= 54999999 States=  5.8e+07 Transitions= 2.06e+08 Memory=  2735.763	t=      234 R=   2e+05
Depth= 54999999 States=  5.9e+07 Transitions= 2.09e+08 Memory=  2735.763	t=      238 R=   2e+05
Depth= 54999999 States=    6e+07 Transitions= 2.12e+08 Memory=  2735.763	t=      243 R=   2e+05
Depth= 54999999 States=  6.1e+07 Transitions= 2.16e+08 Memory=  2735.763	t=      247 R=   2e+05
Depth= 54999999 States=  6.2e+07 Transitions=  2.2e+08 Memory=  2735.763	t=      252 R=   2e+05
Depth= 54999999 States=  6.3e+07 Transitions= 2.23e+08 Memory=  2735.763	t=      256 R=   2e+05
Depth= 54999999 States=  6.4e+07 Transitions= 2.27e+08 Memory=  2735.763	t=      261 R=   2e+05
Depth= 54999999 States=  6.5e+07 Transitions=  2.3e+08 Memory=  2735.763	t=      266 R=   2e+05
Depth= 54999999 States=  6.6e+07 Transitions= 2.34e+08 Memory=  2735.763	t=      271 R=   2e+05
Depth= 54999999 States=  6.7e+07 Transitions= 2.38e+08 Memory=  2735.763	t=      276 R=   2e+05
Depth= 54999999 States=  6.8e+07 Transitions= 2.43e+08 Memory=  2735.763	t=      282 R=   2e+05
Depth= 54999999 States=  6.9e+07 Transitions= 2.47e+08 Memory=  2735.763	t=      287 R=   2e+05
Depth= 54999999 States=    7e+07 Transitions= 2.52e+08 Memory=  2735.763	t=      294 R=   2e+05
Depth= 54999999 States=  7.1e+07 Transitions= 2.57e+08 Memory=  2735.763	t=      299 R=   2e+05
Depth= 54999999 States=  7.2e+07 Transitions= 2.62e+08 Memory=  2735.763	t=      305 R=   2e+05
Depth= 54999999 States=  7.3e+07 Transitions= 2.67e+08 Memory=  2735.763	t=      312 R=   2e+05
Depth= 54999999 States=  7.4e+07 Transitions= 2.73e+08 Memory=  2735.763	t=      318 R=   2e+05
Depth= 54999999 States=  7.5e+07 Transitions=  2.8e+08 Memory=  2735.763	t=      326 R=   2e+05
Depth= 54999999 States=  7.6e+07 Transitions= 2.88e+08 Memory=  2735.763	t=      334 R=   2e+05
Depth= 54999999 States=  7.7e+07 Transitions= 2.97e+08 Memory=  2735.763	t=      343 R=   2e+05
Depth= 54999999 States=  7.8e+07 Transitions= 3.08e+08 Memory=  2735.763	t=      354 R=   2e+05
Depth= 54999999 States=  7.9e+07 Transitions= 3.22e+08 Memory=  2735.763	t=      366 R=   2e+05
Depth= 54999999 States=    8e+07 Transitions= 3.41e+08 Memory=  2735.763	t=      384 R=   2e+05

(Spin Version 6.4.3 -- 16 December 2014)
	+ Partial Order Reduction

Bit statespace search for:
	never claim         	- (none specified)
	assertion violations	+
	acceptance   cycles 	- (not selected)
	invalid end states	+

State-vector 100 byte, depth reached 54999999, errors: 0
 80696764 states, stored
2.8108563e+08 states, matched
3.617824e+08 transitions (= stored+matched)
7.5785563e+08 atomic steps

hash factor: 1.66324 (best if > 100.)

bits set per state: 3 (-k3)

Stats on memory usage (in Megabytes):
 8927.178	equivalent memory usage for states (stored*(State-vector + overhead))
   16.000	memory used for hash array (-w27)
  209.808	memory used for bit stack
 1888.275	memory used for DFS stack (-m55000000)
  621.341	other (proc and chan stacks)
 2735.763	total actual memory usage


unreached in proctype process
	fischer:92, state 96, "-end-"
	(1 of 96 states)
unreached in proctype time_progress
	fischer:125, state 29, "-end-"
	(1 of 29 states)
unreached in init
	(0 of 14 states)

pan: elapsed time 419 seconds
pan: rate 192817.82 states/second
