Depth= 1226783 States=    1e+06 Transitions= 1.07e+07 Memory=  2181.076	t=     62.3 R=   2e+04
Depth= 1226783 States=    2e+06 Transitions= 2.38e+07 Memory=  2181.076	t=      130 R=   2e+04
Depth= 1310799 States=    3e+06 Transitions= 3.67e+07 Memory=  2182.345	t=      196 R=   2e+04
Depth= 1310799 States=    4e+06 Transitions= 5.05e+07 Memory=  2182.345	t=      266 R=   2e+04
Depth= 1310799 States=    5e+06 Transitions= 6.51e+07 Memory=  2182.345	t=      339 R=   1e+04
Depth= 1310799 States=    6e+06 Transitions= 7.91e+07 Memory=  2182.345	t=      411 R=   1e+04
Depth= 1310799 States=    7e+06 Transitions= 9.34e+07 Memory=  2182.345	t=      485 R=   1e+04
Depth= 1394815 States=    8e+06 Transitions= 1.07e+08 Memory=  2183.615	t=      552 R=   1e+04
Depth= 1394815 States=    9e+06 Transitions= 1.21e+08 Memory=  2183.615	t=      626 R=   1e+04
Depth= 1394815 States=    1e+07 Transitions= 1.35e+08 Memory=  2183.615	t=      698 R=   1e+04
Depth= 1394815 States=  1.1e+07 Transitions= 1.49e+08 Memory=  2183.615	t=      773 R=   1e+04
Depth= 1394815 States=  1.2e+07 Transitions= 1.66e+08 Memory=  2183.615	t=      857 R=   1e+04
Depth= 1394815 States=  1.3e+07 Transitions= 1.82e+08 Memory=  2183.615	t=      946 R=   1e+04
Depth= 1394815 States=  1.4e+07 Transitions= 1.97e+08 Memory=  2183.615	t= 1.03e+03 R=   1e+04
Depth= 1394815 States=  1.5e+07 Transitions= 2.12e+08 Memory=  2183.615	t= 1.12e+03 R=   1e+04
Depth= 1394815 States=  1.6e+07 Transitions= 2.28e+08 Memory=  2183.615	t= 1.21e+03 R=   1e+04
Depth= 1394815 States=  1.7e+07 Transitions= 2.43e+08 Memory=  2183.615	t= 1.29e+03 R=   1e+04
Depth= 1394815 States=  1.8e+07 Transitions= 2.57e+08 Memory=  2183.615	t= 1.38e+03 R=   1e+04
Depth= 1394815 States=  1.9e+07 Transitions= 2.72e+08 Memory=  2183.615	t= 1.46e+03 R=   1e+04
Depth= 1394815 States=    2e+07 Transitions= 2.88e+08 Memory=  2183.615	t= 1.55e+03 R=   1e+04
Depth= 1394815 States=  2.1e+07 Transitions= 3.03e+08 Memory=  2183.615	t= 1.64e+03 R=   1e+04
Depth= 2494724 States=  2.2e+07 Transitions= 3.16e+08 Memory=  2196.408	t= 1.72e+03 R=   1e+04
Depth= 2494724 States=  2.3e+07 Transitions=  3.3e+08 Memory=  2196.408	t=  1.8e+03 R=   1e+04
Depth= 2494724 States=  2.4e+07 Transitions= 3.45e+08 Memory=  2196.408	t= 1.89e+03 R=   1e+04
Depth= 2494724 States=  2.5e+07 Transitions=  3.6e+08 Memory=  2196.408	t= 1.98e+03 R=   1e+04
Depth= 2494724 States=  2.6e+07 Transitions= 3.75e+08 Memory=  2196.408	t= 2.07e+03 R=   1e+04
Depth= 2494724 States=  2.7e+07 Transitions= 3.93e+08 Memory=  2196.408	t= 2.17e+03 R=   1e+04
Depth= 2494724 States=  2.8e+07 Transitions= 4.07e+08 Memory=  2196.408	t= 2.25e+03 R=   1e+04
Depth= 2494724 States=  2.9e+07 Transitions= 4.21e+08 Memory=  2196.408	t= 2.34e+03 R=   1e+04
Depth= 2494724 States=    3e+07 Transitions= 4.38e+08 Memory=  2196.408	t= 2.44e+03 R=   1e+04
Depth= 2494724 States=  3.1e+07 Transitions= 4.52e+08 Memory=  2196.408	t= 2.52e+03 R=   1e+04
Depth= 2494724 States=  3.2e+07 Transitions= 4.68e+08 Memory=  2196.408	t= 2.61e+03 R=   1e+04
Depth= 2494724 States=  3.3e+07 Transitions= 4.83e+08 Memory=  2196.408	t= 2.69e+03 R=   1e+04
Depth= 2494724 States=  3.4e+07 Transitions= 4.98e+08 Memory=  2196.408	t= 2.78e+03 R=   1e+04
Depth= 2494724 States=  3.5e+07 Transitions= 5.13e+08 Memory=  2196.408	t= 2.86e+03 R=   1e+04
Depth= 2494724 States=  3.6e+07 Transitions= 5.29e+08 Memory=  2196.408	t= 2.95e+03 R=   1e+04
Depth= 2494724 States=  3.7e+07 Transitions= 5.46e+08 Memory=  2196.408	t= 3.05e+03 R=   1e+04
Depth= 2494724 States=  3.8e+07 Transitions= 5.63e+08 Memory=  2196.408	t= 3.15e+03 R=   1e+04
Depth= 2494724 States=  3.9e+07 Transitions= 5.82e+08 Memory=  2196.408	t= 3.25e+03 R=   1e+04
Depth= 2494724 States=    4e+07 Transitions= 5.99e+08 Memory=  2196.408	t= 3.34e+03 R=   1e+04
Depth= 2494724 States=  4.1e+07 Transitions= 6.16e+08 Memory=  2196.408	t= 3.44e+03 R=   1e+04
Depth= 2494724 States=  4.2e+07 Transitions= 6.33e+08 Memory=  2196.408	t= 3.54e+03 R=   1e+04
Depth= 2494724 States=  4.3e+07 Transitions=  6.5e+08 Memory=  2196.408	t= 3.64e+03 R=   1e+04
Depth= 2494724 States=  4.4e+07 Transitions= 6.67e+08 Memory=  2196.408	t= 3.73e+03 R=   1e+04
Depth= 2494724 States=  4.5e+07 Transitions= 6.85e+08 Memory=  2196.408	t= 3.83e+03 R=   1e+04
Depth= 2494724 States=  4.6e+07 Transitions= 6.99e+08 Memory=  2196.408	t= 3.91e+03 R=   1e+04
Depth= 2494724 States=  4.7e+07 Transitions= 7.14e+08 Memory=  2196.408	t= 4.01e+03 R=   1e+04
Depth= 2494724 States=  4.8e+07 Transitions= 7.29e+08 Memory=  2196.408	t= 4.09e+03 R=   1e+04
Depth= 2494724 States=  4.9e+07 Transitions= 7.46e+08 Memory=  2196.408	t= 4.17e+03 R=   1e+04
Depth= 2494724 States=    5e+07 Transitions= 7.63e+08 Memory=  2196.408	t= 4.25e+03 R=   1e+04
Depth= 2494724 States=  5.1e+07 Transitions=  7.8e+08 Memory=  2196.408	t= 4.34e+03 R=   1e+04
Depth= 2494724 States=  5.2e+07 Transitions= 7.96e+08 Memory=  2196.408	t= 4.41e+03 R=   1e+04
Depth= 2494724 States=  5.3e+07 Transitions= 8.12e+08 Memory=  2196.408	t= 4.49e+03 R=   1e+04
Depth= 2494724 States=  5.4e+07 Transitions= 8.28e+08 Memory=  2196.408	t= 4.57e+03 R=   1e+04
Depth= 2494724 States=  5.5e+07 Transitions= 8.43e+08 Memory=  2196.408	t= 4.65e+03 R=   1e+04
Depth= 2494724 States=  5.6e+07 Transitions= 8.61e+08 Memory=  2196.408	t= 4.73e+03 R=   1e+04
Depth= 2494724 States=  5.7e+07 Transitions= 8.79e+08 Memory=  2196.408	t= 4.82e+03 R=   1e+04
Depth= 2494724 States=  5.8e+07 Transitions= 8.96e+08 Memory=  2196.408	t=  4.9e+03 R=   1e+04
Depth= 2494724 States=  5.9e+07 Transitions= 9.15e+08 Memory=  2196.408	t= 4.99e+03 R=   1e+04
Depth= 2494724 States=    6e+07 Transitions= 9.35e+08 Memory=  2196.408	t= 5.09e+03 R=   1e+04
Depth= 2494724 States=  6.1e+07 Transitions= 9.53e+08 Memory=  2196.408	t= 5.17e+03 R=   1e+04
Depth= 2494724 States=  6.2e+07 Transitions= 9.72e+08 Memory=  2196.408	t= 5.26e+03 R=   1e+04
Depth= 2494724 States=  6.3e+07 Transitions= 9.89e+08 Memory=  2196.408	t= 5.35e+03 R=   1e+04
Depth= 2494724 States=  6.4e+07 Transitions= 1.01e+09 Memory=  2196.408	t= 5.44e+03 R=   1e+04
Depth= 2494724 States=  6.5e+07 Transitions= 1.03e+09 Memory=  2196.408	t= 5.52e+03 R=   1e+04
Depth= 2494724 States=  6.6e+07 Transitions= 1.04e+09 Memory=  2196.408	t= 5.61e+03 R=   1e+04
Depth= 2494724 States=  6.7e+07 Transitions= 1.06e+09 Memory=  2196.408	t=  5.7e+03 R=   1e+04
Depth= 2494724 States=  6.8e+07 Transitions= 1.08e+09 Memory=  2196.408	t= 5.78e+03 R=   1e+04
Depth= 2494724 States=  6.9e+07 Transitions=  1.1e+09 Memory=  2196.408	t= 5.87e+03 R=   1e+04
Depth= 2494724 States=    7e+07 Transitions= 1.11e+09 Memory=  2196.408	t= 5.95e+03 R=   1e+04
Depth= 2494724 States=  7.1e+07 Transitions= 1.13e+09 Memory=  2196.408	t= 6.03e+03 R=   1e+04
Depth= 2494724 States=  7.2e+07 Transitions= 1.15e+09 Memory=  2196.408	t= 6.11e+03 R=   1e+04
Depth= 2494724 States=  7.3e+07 Transitions= 1.16e+09 Memory=  2196.408	t=  6.2e+03 R=   1e+04
Depth= 2494724 States=  7.4e+07 Transitions= 1.18e+09 Memory=  2196.408	t= 6.28e+03 R=   1e+04
Depth= 2494724 States=  7.5e+07 Transitions=  1.2e+09 Memory=  2196.408	t= 6.36e+03 R=   1e+04
Depth= 2494724 States=  7.6e+07 Transitions= 1.22e+09 Memory=  2196.408	t= 6.45e+03 R=   1e+04
Depth= 2494724 States=  7.7e+07 Transitions= 1.23e+09 Memory=  2196.408	t= 6.54e+03 R=   1e+04
Depth= 2494724 States=  7.8e+07 Transitions= 1.25e+09 Memory=  2196.408	t= 6.64e+03 R=   1e+04
Depth= 2498336 States=  7.9e+07 Transitions= 1.28e+09 Memory=  2196.505	t= 6.74e+03 R=   1e+04
Depth= 2498434 States=    8e+07 Transitions= 1.31e+09 Memory=  2196.505	t= 6.88e+03 R=   1e+04
Depth= 2510509 States=  8.1e+07 Transitions= 1.34e+09 Memory=  2196.603	t= 7.05e+03 R=   1e+04

(Spin Version 6.4.3 -- 16 December 2014)
	+ Partial Order Reduction

Bit statespace search for:
	never claim         	- (none specified)
	assertion violations	+
	acceptance   cycles 	- (not selected)
	invalid end states	+

State-vector 984 byte, depth reached 2510509, errors: 0
 81970929 states, stored
1.3911331e+09 states, matched
1.473104e+09 transitions (= stored+matched)
1.071567e+09 atomic steps

hash factor: 1.63738 (best if > 100.)

bits set per state: 3 (-k3)

Stats on memory usage (in Megabytes):
78173.570	equivalent memory usage for states (stored*(State-vector + overhead))
   16.000	memory used for hash array (-w27)
  209.808	memory used for bit stack
 1888.275	memory used for DFS stack (-m55000000)
   82.106	other (proc and chan stacks)
 2196.603	total actual memory usage


unreached in proctype process
	fischer:92, state 96, "-end-"
	(1 of 96 states)
unreached in proctype time_progress
	fischer:125, state 29, "-end-"
	(1 of 29 states)
unreached in init
	(0 of 14 states)

pan: elapsed time 7.67e+03 seconds
pan: rate 10686.956 states/second
