Depth= 9836902 States=    1e+06 Transitions= 1.22e+06 Memory=   897.299	t=     2.01 R=   5e+05
error: max search depth too small
Depth= 19999999 States=    2e+06 Transitions= 2.25e+06 Memory=  1018.686	t=        4 R=   5e+05
Depth= 19999999 States=    3e+06 Transitions= 6.01e+06 Memory=  1018.686	t=     7.19 R=   4e+05
Depth= 19999999 States=    4e+06 Transitions= 9.53e+06 Memory=  1018.686	t=     10.4 R=   4e+05
Depth= 19999999 States=    5e+06 Transitions= 1.35e+07 Memory=  1018.686	t=     13.6 R=   4e+05
Depth= 19999999 States=    6e+06 Transitions= 1.77e+07 Memory=  1018.686	t=     16.9 R=   4e+05
Depth= 19999999 States=    7e+06 Transitions= 2.38e+07 Memory=  1018.686	t=     20.7 R=   3e+05
Depth= 19999999 States=    8e+06 Transitions=  2.8e+07 Memory=  1018.686	t=     24.2 R=   3e+05
Depth= 19999999 States=    9e+06 Transitions= 3.29e+07 Memory=  1018.686	t=     27.8 R=   3e+05
Depth= 19999999 States=    1e+07 Transitions= 3.72e+07 Memory=  1018.686	t=     31.7 R=   3e+05
Depth= 19999999 States=  1.1e+07 Transitions= 4.11e+07 Memory=  1018.686	t=       35 R=   3e+05
Depth= 19999999 States=  1.2e+07 Transitions= 4.49e+07 Memory=  1018.686	t=     38.7 R=   3e+05
Depth= 19999999 States=  1.3e+07 Transitions= 4.87e+07 Memory=  1018.686	t=     42.8 R=   3e+05
Depth= 19999999 States=  1.4e+07 Transitions= 5.23e+07 Memory=  1018.686	t=     47.4 R=   3e+05
Depth= 19999999 States=  1.5e+07 Transitions=  5.6e+07 Memory=  1018.686	t=     50.9 R=   3e+05
Depth= 19999999 States=  1.6e+07 Transitions=    6e+07 Memory=  1018.686	t=     54.7 R=   3e+05
Depth= 19999999 States=  1.7e+07 Transitions=  6.5e+07 Memory=  1018.686	t=     58.7 R=   3e+05
Depth= 19999999 States=  1.8e+07 Transitions= 7.06e+07 Memory=  1018.686	t=     63.6 R=   3e+05
Depth= 19999999 States=  1.9e+07 Transitions= 7.46e+07 Memory=  1018.686	t=     67.1 R=   3e+05
Depth= 19999999 States=    2e+07 Transitions= 7.94e+07 Memory=  1018.686	t=     71.5 R=   3e+05
Depth= 19999999 States=  2.1e+07 Transitions= 8.38e+07 Memory=  1018.686	t=     75.4 R=   3e+05
Depth= 19999999 States=  2.2e+07 Transitions= 8.76e+07 Memory=  1018.686	t=     78.3 R=   3e+05
Depth= 19999999 States=  2.3e+07 Transitions= 9.14e+07 Memory=  1018.686	t=     81.4 R=   3e+05
Depth= 19999999 States=  2.4e+07 Transitions=  9.5e+07 Memory=  1018.686	t=     84.6 R=   3e+05
Depth= 19999999 States=  2.5e+07 Transitions= 9.88e+07 Memory=  1018.686	t=     87.9 R=   3e+05
Depth= 19999999 States=  2.6e+07 Transitions= 1.03e+08 Memory=  1018.686	t=     91.2 R=   3e+05
Depth= 19999999 States=  2.7e+07 Transitions= 1.07e+08 Memory=  1018.686	t=     94.8 R=   3e+05
Depth= 19999999 States=  2.8e+07 Transitions= 1.11e+08 Memory=  1018.686	t=     98.2 R=   3e+05
Depth= 19999999 States=  2.9e+07 Transitions= 1.15e+08 Memory=  1018.686	t=      101 R=   3e+05
Depth= 19999999 States=    3e+07 Transitions= 1.19e+08 Memory=  1018.686	t=      104 R=   3e+05
Depth= 19999999 States=  3.1e+07 Transitions= 1.22e+08 Memory=  1018.686	t=      108 R=   3e+05
Depth= 19999999 States=  3.2e+07 Transitions= 1.26e+08 Memory=  1018.686	t=      111 R=   3e+05
Depth= 19999999 States=  3.3e+07 Transitions= 1.29e+08 Memory=  1018.686	t=      114 R=   3e+05
Depth= 19999999 States=  3.4e+07 Transitions= 1.33e+08 Memory=  1018.686	t=      117 R=   3e+05
Depth= 19999999 States=  3.5e+07 Transitions= 1.37e+08 Memory=  1018.686	t=      120 R=   3e+05
Depth= 19999999 States=  3.6e+07 Transitions= 1.42e+08 Memory=  1018.686	t=      123 R=   3e+05
Depth= 19999999 States=  3.7e+07 Transitions= 1.47e+08 Memory=  1018.686	t=      127 R=   3e+05
Depth= 19999999 States=  3.8e+07 Transitions= 1.51e+08 Memory=  1018.686	t=      130 R=   3e+05
Depth= 19999999 States=  3.9e+07 Transitions= 1.56e+08 Memory=  1018.686	t=      134 R=   3e+05
Depth= 19999999 States=    4e+07 Transitions= 1.61e+08 Memory=  1018.686	t=      137 R=   3e+05
Depth= 19999999 States=  4.1e+07 Transitions= 1.65e+08 Memory=  1018.686	t=      140 R=   3e+05
Depth= 19999999 States=  4.2e+07 Transitions= 1.69e+08 Memory=  1018.686	t=      144 R=   3e+05
Depth= 19999999 States=  4.3e+07 Transitions= 1.74e+08 Memory=  1018.686	t=      147 R=   3e+05
Depth= 19999999 States=  4.4e+07 Transitions= 1.79e+08 Memory=  1018.686	t=      151 R=   3e+05
Depth= 19999999 States=  4.5e+07 Transitions= 1.83e+08 Memory=  1018.686	t=      155 R=   3e+05
Depth= 19999999 States=  4.6e+07 Transitions= 1.86e+08 Memory=  1018.686	t=      157 R=   3e+05
Depth= 19999999 States=  4.7e+07 Transitions=  1.9e+08 Memory=  1018.686	t=      161 R=   3e+05
Depth= 19999999 States=  4.8e+07 Transitions= 1.94e+08 Memory=  1018.686	t=      164 R=   3e+05
Depth= 19999999 States=  4.9e+07 Transitions= 1.98e+08 Memory=  1018.686	t=      167 R=   3e+05
Depth= 19999999 States=    5e+07 Transitions= 2.01e+08 Memory=  1018.686	t=      170 R=   3e+05
Depth= 19999999 States=  5.1e+07 Transitions= 2.05e+08 Memory=  1018.686	t=      174 R=   3e+05
Depth= 19999999 States=  5.2e+07 Transitions= 2.09e+08 Memory=  1018.686	t=      177 R=   3e+05
Depth= 19999999 States=  5.3e+07 Transitions= 2.13e+08 Memory=  1018.686	t=      181 R=   3e+05
Depth= 19999999 States=  5.4e+07 Transitions= 2.17e+08 Memory=  1018.686	t=      184 R=   3e+05
Depth= 19999999 States=  5.5e+07 Transitions= 2.21e+08 Memory=  1018.686	t=      188 R=   3e+05
Depth= 19999999 States=  5.6e+07 Transitions= 2.28e+08 Memory=  1018.686	t=      191 R=   3e+05
Depth= 19999999 States=  5.7e+07 Transitions= 2.34e+08 Memory=  1018.686	t=      195 R=   3e+05
Depth= 19999999 States=  5.8e+07 Transitions= 2.39e+08 Memory=  1018.686	t=      199 R=   3e+05
Depth= 19999999 States=  5.9e+07 Transitions= 2.42e+08 Memory=  1018.686	t=      202 R=   3e+05
Depth= 19999999 States=    6e+07 Transitions= 2.46e+08 Memory=  1018.686	t=      207 R=   3e+05
Depth= 19999999 States=  6.1e+07 Transitions=  2.5e+08 Memory=  1018.686	t=      211 R=   3e+05
Depth= 19999999 States=  6.2e+07 Transitions= 2.54e+08 Memory=  1018.686	t=      215 R=   3e+05
Depth= 19999999 States=  6.3e+07 Transitions= 2.58e+08 Memory=  1018.686	t=      219 R=   3e+05
Depth= 19999999 States=  6.4e+07 Transitions= 2.63e+08 Memory=  1018.686	t=      224 R=   3e+05
Depth= 19999999 States=  6.5e+07 Transitions= 2.67e+08 Memory=  1018.686	t=      227 R=   3e+05
Depth= 19999999 States=  6.6e+07 Transitions= 2.71e+08 Memory=  1018.686	t=      231 R=   3e+05
Depth= 19999999 States=  6.7e+07 Transitions= 2.76e+08 Memory=  1018.686	t=      235 R=   3e+05
Depth= 19999999 States=  6.8e+07 Transitions=  2.8e+08 Memory=  1018.686	t=      240 R=   3e+05
Depth= 19999999 States=  6.9e+07 Transitions= 2.85e+08 Memory=  1018.686	t=      244 R=   3e+05
Depth= 19999999 States=    7e+07 Transitions=  2.9e+08 Memory=  1018.686	t=      250 R=   3e+05
Depth= 19999999 States=  7.1e+07 Transitions= 2.95e+08 Memory=  1018.686	t=      255 R=   3e+05
Depth= 19999999 States=  7.2e+07 Transitions=    3e+08 Memory=  1018.686	t=      260 R=   3e+05
Depth= 19999999 States=  7.3e+07 Transitions= 3.06e+08 Memory=  1018.686	t=      265 R=   3e+05
Depth= 19999999 States=  7.4e+07 Transitions= 3.12e+08 Memory=  1018.686	t=      271 R=   3e+05
Depth= 19999999 States=  7.5e+07 Transitions= 3.19e+08 Memory=  1018.686	t=      277 R=   3e+05
Depth= 19999999 States=  7.6e+07 Transitions= 3.27e+08 Memory=  1018.686	t=      284 R=   3e+05
Depth= 19999999 States=  7.7e+07 Transitions= 3.37e+08 Memory=  1018.686	t=      292 R=   3e+05

(Spin Version 6.4.3 -- 16 December 2014)
	+ Partial Order Reduction

Bit statespace search for:
	never claim         	- (none specified)
	assertion violations	+
	acceptance   cycles 	- (not selected)
	invalid end states	+

State-vector 76 byte, depth reached 19999999, errors: 0
 77596602 states, stored
2.6555882e+08 states, matched
3.4315542e+08 transitions (= stored+matched)
5.6107045e+08 atomic steps

hash factor: 1.72969 (best if > 100.)

bits set per state: 3 (-k3)

Stats on memory usage (in Megabytes):
 6808.174	equivalent memory usage for states (stored*(State-vector + overhead))
   16.000	memory used for hash array (-w27)
   76.294	memory used for bit stack
  686.646	memory used for DFS stack (-m20000000)
  239.586	other (proc and chan stacks)
 1018.686	total actual memory usage


unreached in proctype process
	fischer:92, state 96, "-end-"
	(1 of 96 states)
unreached in proctype time_progress
	fischer:125, state 29, "-end-"
	(1 of 29 states)
unreached in init
	(0 of 14 states)

pan: elapsed time 297 seconds
pan: rate 261384.19 states/second
