Depth=   43373 States=    1e+06 Transitions= 1.15e+07 Memory=  2115.060	t=     12.4 R=   8e+04
Depth=   43373 States=    2e+06 Transitions= 2.46e+07 Memory=  2115.060	t=     26.3 R=   8e+04
Depth=   46389 States=    3e+06 Transitions= 3.76e+07 Memory=  2115.060	t=     40.1 R=   7e+04
Depth=   46389 States=    4e+06 Transitions= 5.15e+07 Memory=  2115.060	t=     54.6 R=   7e+04
Depth=   46389 States=    5e+06 Transitions=  6.6e+07 Memory=  2115.060	t=     69.6 R=   7e+04
Depth=   46389 States=    6e+06 Transitions= 7.99e+07 Memory=  2115.060	t=     84.3 R=   7e+04
Depth=   46389 States=    7e+06 Transitions= 9.43e+07 Memory=  2115.060	t=     99.3 R=   7e+04
Depth=   49405 States=    8e+06 Transitions= 1.07e+08 Memory=  2115.158	t=      113 R=   7e+04
Depth=   49405 States=    9e+06 Transitions= 1.22e+08 Memory=  2115.158	t=      128 R=   7e+04
Depth=   49405 States=    1e+07 Transitions= 1.36e+08 Memory=  2115.158	t=      143 R=   7e+04
Depth=   49405 States=  1.1e+07 Transitions=  1.5e+08 Memory=  2115.158	t=      158 R=   7e+04
Depth=   49405 States=  1.2e+07 Transitions= 1.67e+08 Memory=  2115.158	t=      174 R=   7e+04
Depth=   49405 States=  1.3e+07 Transitions= 1.83e+08 Memory=  2115.158	t=      191 R=   7e+04
Depth=   49405 States=  1.4e+07 Transitions= 1.98e+08 Memory=  2115.158	t=      207 R=   7e+04
Depth=   49405 States=  1.5e+07 Transitions= 2.13e+08 Memory=  2115.158	t=      222 R=   7e+04
Depth=   49405 States=  1.6e+07 Transitions= 2.29e+08 Memory=  2115.158	t=      238 R=   7e+04
Depth=   49405 States=  1.7e+07 Transitions= 2.43e+08 Memory=  2115.158	t=      253 R=   7e+04
Depth=   49405 States=  1.8e+07 Transitions= 2.58e+08 Memory=  2115.158	t=      268 R=   7e+04
Depth=   49405 States=  1.9e+07 Transitions= 2.73e+08 Memory=  2115.158	t=      285 R=   7e+04
Depth=   49405 States=    2e+07 Transitions= 2.89e+08 Memory=  2115.158	t=      301 R=   7e+04
Depth=   49405 States=  2.1e+07 Transitions= 3.04e+08 Memory=  2115.158	t=      317 R=   7e+04
Depth= 19660666 States=  2.2e+07 Transitions= 3.08e+08 Memory=  2308.029	t=      324 R=   7e+04
Depth= 43877291 States=  2.3e+07 Transitions= 3.09e+08 Memory=  2545.724	t=      329 R=   7e+04
error: max search depth too small
Depth= 54999999 States=  2.4e+07 Transitions= 3.11e+08 Memory=  2655.002	t=      335 R=   7e+04
Depth= 54999999 States=  2.5e+07 Transitions= 3.13e+08 Memory=  2655.002	t=      341 R=   7e+04
Depth= 54999999 States=  2.6e+07 Transitions= 3.15e+08 Memory=  2655.002	t=      348 R=   7e+04
Depth= 54999999 States=  2.7e+07 Transitions= 3.17e+08 Memory=  2655.002	t=      354 R=   8e+04
Depth= 54999999 States=  2.8e+07 Transitions= 3.19e+08 Memory=  2655.002	t=      361 R=   8e+04
Depth= 54999999 States=  2.9e+07 Transitions= 3.23e+08 Memory=  2655.002	t=      368 R=   8e+04
Depth= 54999999 States=    3e+07 Transitions= 3.25e+08 Memory=  2655.002	t=      374 R=   8e+04
Depth= 54999999 States=  3.1e+07 Transitions= 3.27e+08 Memory=  2655.002	t=      381 R=   8e+04
Depth= 54999999 States=  3.2e+07 Transitions= 3.29e+08 Memory=  2655.002	t=      388 R=   8e+04
Depth= 54999999 States=  3.3e+07 Transitions= 3.33e+08 Memory=  2655.002	t=      395 R=   8e+04
Depth= 54999999 States=  3.4e+07 Transitions= 3.35e+08 Memory=  2655.002	t=      402 R=   8e+04
Depth= 54999999 States=  3.5e+07 Transitions= 3.37e+08 Memory=  2655.002	t=      409 R=   9e+04
Depth= 54999999 States=  3.6e+07 Transitions= 3.39e+08 Memory=  2655.002	t=      415 R=   9e+04
Depth= 54999999 States=  3.7e+07 Transitions= 3.41e+08 Memory=  2655.002	t=      422 R=   9e+04
Depth= 54999999 States=  3.8e+07 Transitions= 3.43e+08 Memory=  2655.002	t=      428 R=   9e+04
Depth= 54999999 States=  3.9e+07 Transitions= 3.45e+08 Memory=  2655.002	t=      435 R=   9e+04
Depth= 54999999 States=    4e+07 Transitions= 3.47e+08 Memory=  2655.002	t=      442 R=   9e+04
Depth= 54999999 States=  4.1e+07 Transitions=  3.5e+08 Memory=  2655.002	t=      449 R=   9e+04
Depth= 54999999 States=  4.2e+07 Transitions= 3.53e+08 Memory=  2655.002	t=      457 R=   9e+04
Depth= 54999999 States=  4.3e+07 Transitions= 3.56e+08 Memory=  2655.002	t=      463 R=   9e+04
Depth= 54999999 States=  4.4e+07 Transitions= 3.58e+08 Memory=  2655.002	t=      470 R=   9e+04
Depth= 54999999 States=  4.5e+07 Transitions= 3.61e+08 Memory=  2655.002	t=      477 R=   9e+04
Depth= 54999999 States=  4.6e+07 Transitions= 3.64e+08 Memory=  2655.002	t=      483 R=   1e+05
Depth= 54999999 States=  4.7e+07 Transitions= 3.66e+08 Memory=  2655.002	t=      490 R=   1e+05
Depth= 54999999 States=  4.8e+07 Transitions= 3.69e+08 Memory=  2655.002	t=      497 R=   1e+05
Depth= 54999999 States=  4.9e+07 Transitions= 3.71e+08 Memory=  2655.002	t=      503 R=   1e+05
Depth= 54999999 States=    5e+07 Transitions= 3.74e+08 Memory=  2655.002	t=      511 R=   1e+05
Depth= 54999999 States=  5.1e+07 Transitions= 3.77e+08 Memory=  2655.002	t=      518 R=   1e+05
Depth= 54999999 States=  5.2e+07 Transitions=  3.8e+08 Memory=  2655.002	t=      525 R=   1e+05
Depth= 54999999 States=  5.3e+07 Transitions= 3.83e+08 Memory=  2655.002	t=      532 R=   1e+05
Depth= 54999999 States=  5.4e+07 Transitions= 3.86e+08 Memory=  2655.002	t=      539 R=   1e+05
Depth= 54999999 States=  5.5e+07 Transitions= 3.89e+08 Memory=  2655.002	t=      546 R=   1e+05
Depth= 54999999 States=  5.6e+07 Transitions= 3.92e+08 Memory=  2655.002	t=      553 R=   1e+05
Depth= 54999999 States=  5.7e+07 Transitions= 3.95e+08 Memory=  2655.002	t=      560 R=   1e+05
Depth= 54999999 States=  5.8e+07 Transitions= 3.98e+08 Memory=  2655.002	t=      567 R=   1e+05
Depth= 54999999 States=  5.9e+07 Transitions= 4.02e+08 Memory=  2655.002	t=      573 R=   1e+05
Depth= 54999999 States=    6e+07 Transitions= 4.07e+08 Memory=  2655.002	t=      579 R=   1e+05
Depth= 54999999 States=  6.1e+07 Transitions= 4.12e+08 Memory=  2655.002	t=      586 R=   1e+05
Depth= 54999999 States=  6.2e+07 Transitions= 4.17e+08 Memory=  2655.002	t=      592 R=   1e+05
Depth= 54999999 States=  6.3e+07 Transitions= 4.24e+08 Memory=  2655.002	t=      600 R=   1e+05
Depth= 54999999 States=  6.4e+07 Transitions=  4.3e+08 Memory=  2655.002	t=      607 R=   1e+05
Depth= 54999999 States=  6.5e+07 Transitions= 4.34e+08 Memory=  2655.002	t=      613 R=   1e+05
Depth= 54999999 States=  6.6e+07 Transitions= 4.38e+08 Memory=  2655.002	t=      620 R=   1e+05
Depth= 54999999 States=  6.7e+07 Transitions= 4.42e+08 Memory=  2655.002	t=      627 R=   1e+05
Depth= 54999999 States=  6.8e+07 Transitions= 4.46e+08 Memory=  2655.002	t=      635 R=   1e+05
Depth= 54999999 States=  6.9e+07 Transitions=  4.5e+08 Memory=  2655.002	t=      642 R=   1e+05
Depth= 54999999 States=    7e+07 Transitions= 4.54e+08 Memory=  2655.002	t=      651 R=   1e+05
Depth= 54999999 States=  7.1e+07 Transitions= 4.59e+08 Memory=  2655.002	t=      660 R=   1e+05
Depth= 54999999 States=  7.2e+07 Transitions= 4.64e+08 Memory=  2655.002	t=      668 R=   1e+05
Depth= 54999999 States=  7.3e+07 Transitions=  4.7e+08 Memory=  2655.002	t=      676 R=   1e+05
Depth= 54999999 States=  7.4e+07 Transitions= 4.76e+08 Memory=  2655.002	t=      687 R=   1e+05
Depth= 54999999 States=  7.5e+07 Transitions= 4.83e+08 Memory=  2655.002	t=      697 R=   1e+05
Depth= 54999999 States=  7.6e+07 Transitions=  4.9e+08 Memory=  2655.002	t=      709 R=   1e+05
Depth= 54999999 States=  7.7e+07 Transitions= 4.99e+08 Memory=  2655.002	t=      722 R=   1e+05
Depth= 54999999 States=  7.8e+07 Transitions= 5.09e+08 Memory=  2655.002	t=      737 R=   1e+05
Depth= 54999999 States=  7.9e+07 Transitions= 5.23e+08 Memory=  2655.002	t=      755 R=   1e+05
Depth= 54999999 States=    8e+07 Transitions= 5.42e+08 Memory=  2655.002	t=      778 R=   1e+05
Depth= 54999999 States=  8.1e+07 Transitions= 5.74e+08 Memory=  2655.002	t=      817 R=   1e+05

(Spin Version 6.4.3 -- 16 December 2014)
	+ Partial Order Reduction

Bit statespace search for:
	never claim         	- (none specified)
	assertion violations	+
	acceptance   cycles 	- (not selected)
	invalid end states	+

State-vector 172 byte, depth reached 54999999, errors: 0
 81397034 states, stored
5.151589e+08 states, matched
5.9655593e+08 transitions (= stored+matched)
1.4076154e+09 atomic steps

hash factor: 1.64893 (best if > 100.)

bits set per state: 3 (-k3)

Stats on memory usage (in Megabytes):
14593.737	equivalent memory usage for states (stored*(State-vector + overhead))
   16.000	memory used for hash array (-w27)
  209.808	memory used for bit stack
 1888.275	memory used for DFS stack (-m55000000)
  540.490	other (proc and chan stacks)
 2655.002	total actual memory usage


unreached in proctype process
	fischer:92, state 96, "-end-"
	(1 of 96 states)
unreached in proctype time_progress
	fischer:125, state 29, "-end-"
	(1 of 29 states)
unreached in init
	(0 of 14 states)

pan: elapsed time 842 seconds
pan: rate 96625.044 states/second
